Step: build-step-credential-initializer:

Step: build-step-git-source:

Step: build-step-jenkins:

Picked up _JAVA_OPTIONS: -Xmx400m
Started
Running in Durability level: PERFORMANCE_OPTIMIZED
  14.952 [id=27]	WARNING	i.f.k.c.i.VersionUsageUtils#alert: The client is using resource type 'customresourcedefinitions' with unstable version 'v1beta1'
[Pipeline] node
Running on Jenkins in /tmp/jenkinsTests.tmp/jenkins5055090524578348319test/workspace/job
[Pipeline] {
  22.753 [id=68]	WARNING	o.j.plugins.workflow.cps.DSL#invokeStep: Error storing the arguments for step: checkout
org.kohsuke.stapler.NoStaplerConstructorException: There's no @DataBoundConstructor on any constructor of class io.jenkins.jenkinsfile.runner.FileSystemSCM
	at org.kohsuke.stapler.ClassDescriptor.loadConstructorParamNames(ClassDescriptor.java:265)
	at org.jenkinsci.plugins.structs.describable.DescribableModel.<init>(DescribableModel.java:144)
	at org.jenkinsci.plugins.structs.describable.DescribableModel.of(DescribableModel.java:114)
	at org.jenkinsci.plugins.workflow.cps.actions.ArgumentsActionImpl.sanitizeObjectAndRecordMutation(ArgumentsActionImpl.java:294)
	at org.jenkinsci.plugins.workflow.cps.actions.ArgumentsActionImpl.sanitizeMapAndRecordMutation(ArgumentsActionImpl.java:386)
	at org.jenkinsci.plugins.workflow.cps.actions.ArgumentsActionImpl.<init>(ArgumentsActionImpl.java:74)
	at org.jenkinsci.plugins.workflow.cps.DSL.invokeStep(DSL.java:245)
	at org.jenkinsci.plugins.workflow.cps.DSL.invokeMethod(DSL.java:178)
	at org.jenkinsci.plugins.workflow.cps.CpsScript.invokeMethod(CpsScript.java:122)
	at org.codehaus.groovy.runtime.callsite.PogoMetaClassSite.call(PogoMetaClassSite.java:48)
	at org.codehaus.groovy.runtime.callsite.CallSiteArray.defaultCall(CallSiteArray.java:48)
	at org.codehaus.groovy.runtime.callsite.AbstractCallSite.call(AbstractCallSite.java:113)
	at com.cloudbees.groovy.cps.sandbox.DefaultInvoker.methodCall(DefaultInvoker.java:20)
	at com.cloudbees.groovy.cps.impl.ContinuationGroup.methodCall(ContinuationGroup.java:57)
	at com.cloudbees.groovy.cps.impl.FunctionCallBlock$ContinuationImpl.dispatchOrArg(FunctionCallBlock.java:109)
	at com.cloudbees.groovy.cps.impl.FunctionCallBlock$ContinuationImpl.fixArg(FunctionCallBlock.java:82)
	at sun.reflect.GeneratedMethodAccessor116.invoke(Unknown Source)
	at sun.reflect.DelegatingMethodAccessorImpl.invoke(DelegatingMethodAccessorImpl.java:43)
	at java.lang.reflect.Method.invoke(Method.java:498)
	at com.cloudbees.groovy.cps.impl.ContinuationPtr$ContinuationImpl.receive(ContinuationPtr.java:72)
	at com.cloudbees.groovy.cps.impl.PropertyishBlock$ContinuationImpl.get(PropertyishBlock.java:76)
	at com.cloudbees.groovy.cps.LValueBlock$GetAdapter.receive(LValueBlock.java:30)
	at com.cloudbees.groovy.cps.impl.PropertyishBlock$ContinuationImpl.fixName(PropertyishBlock.java:66)
	at sun.reflect.GeneratedMethodAccessor134.invoke(Unknown Source)
	at sun.reflect.DelegatingMethodAccessorImpl.invoke(DelegatingMethodAccessorImpl.java:43)
	at java.lang.reflect.Method.invoke(Method.java:498)
	at com.cloudbees.groovy.cps.impl.ContinuationPtr$ContinuationImpl.receive(ContinuationPtr.java:72)
	at com.cloudbees.groovy.cps.impl.ConstantBlock.eval(ConstantBlock.java:21)
	at com.cloudbees.groovy.cps.Next.step(Next.java:83)
	at com.cloudbees.groovy.cps.Continuable$1.call(Continuable.java:174)
	at com.cloudbees.groovy.cps.Continuable$1.call(Continuable.java:163)
	at org.codehaus.groovy.runtime.GroovyCategorySupport$ThreadCategoryInfo.use(GroovyCategorySupport.java:129)
	at org.codehaus.groovy.runtime.GroovyCategorySupport.use(GroovyCategorySupport.java:268)
	at com.cloudbees.groovy.cps.Continuable.run0(Continuable.java:163)
	at org.jenkinsci.plugins.workflow.cps.SandboxContinuable.access$101(SandboxContinuable.java:34)
	at org.jenkinsci.plugins.workflow.cps.SandboxContinuable.lambda$run0$0(SandboxContinuable.java:59)
	at org.jenkinsci.plugins.scriptsecurity.sandbox.groovy.GroovySandbox.runInSandbox(GroovySandbox.java:108)
	at org.jenkinsci.plugins.workflow.cps.SandboxContinuable.run0(SandboxContinuable.java:58)
	at org.jenkinsci.plugins.workflow.cps.CpsThread.runNextChunk(CpsThread.java:182)
	at org.jenkinsci.plugins.workflow.cps.CpsThreadGroup.run(CpsThreadGroup.java:332)
	at org.jenkinsci.plugins.workflow.cps.CpsThreadGroup.access$200(CpsThreadGroup.java:83)
	at org.jenkinsci.plugins.workflow.cps.CpsThreadGroup$2.call(CpsThreadGroup.java:244)
	at org.jenkinsci.plugins.workflow.cps.CpsThreadGroup$2.call(CpsThreadGroup.java:232)
	at org.jenkinsci.plugins.workflow.cps.CpsVmExecutorService$2.call(CpsVmExecutorService.java:64)
	at java.util.concurrent.FutureTask.run(FutureTask.java:266)
	at hudson.remoting.SingleLaneExecutorService$1.run(SingleLaneExecutorService.java:131)
	at jenkins.util.ContextResettingExecutorService$1.run(ContextResettingExecutorService.java:28)
	at jenkins.security.ImpersonatingExecutorService$1.run(ImpersonatingExecutorService.java:59)
	at java.util.concurrent.Executors$RunnableAdapter.call(Executors.java:511)
	at java.util.concurrent.FutureTask.run(FutureTask.java:266)
	at java.util.concurrent.ThreadPoolExecutor.runWorker(ThreadPoolExecutor.java:1149)
	at java.util.concurrent.ThreadPoolExecutor$Worker.run(ThreadPoolExecutor.java:624)
	at java.lang.Thread.run(Thread.java:748)
[Pipeline] stage
[Pipeline] { (Declarative: Checkout SCM)
[Pipeline] checkout
[Pipeline] }
[Pipeline] // stage
[Pipeline] withCredentials
[Pipeline] {
  24.056 [id=73]	WARNING	o.j.plugins.workflow.cps.DSL#invokeStep: Error storing the arguments for step: checkout
org.kohsuke.stapler.NoStaplerConstructorException: There's no @DataBoundConstructor on any constructor of class io.jenkins.jenkinsfile.runner.FileSystemSCM
	at org.kohsuke.stapler.ClassDescriptor.loadConstructorParamNames(ClassDescriptor.java:265)
	at org.jenkinsci.plugins.structs.describable.DescribableModel.<init>(DescribableModel.java:144)
	at org.jenkinsci.plugins.structs.describable.DescribableModel.of(DescribableModel.java:114)
	at org.jenkinsci.plugins.workflow.cps.actions.ArgumentsActionImpl.sanitizeObjectAndRecordMutation(ArgumentsActionImpl.java:294)
	at org.jenkinsci.plugins.workflow.cps.actions.ArgumentsActionImpl.sanitizeMapAndRecordMutation(ArgumentsActionImpl.java:386)
	at org.jenkinsci.plugins.workflow.cps.actions.ArgumentsActionImpl.<init>(ArgumentsActionImpl.java:74)
	at org.jenkinsci.plugins.workflow.cps.DSL.invokeStep(DSL.java:245)
	at org.jenkinsci.plugins.workflow.cps.DSL.invokeMethod(DSL.java:178)
	at org.jenkinsci.plugins.workflow.cps.CpsScript.invokeMethod(CpsScript.java:122)
	at sun.reflect.NativeMethodAccessorImpl.invoke0(Native Method)
	at sun.reflect.NativeMethodAccessorImpl.invoke(NativeMethodAccessorImpl.java:62)
	at sun.reflect.DelegatingMethodAccessorImpl.invoke(DelegatingMethodAccessorImpl.java:43)
	at java.lang.reflect.Method.invoke(Method.java:498)
	at org.codehaus.groovy.reflection.CachedMethod.invoke(CachedMethod.java:93)
	at groovy.lang.MetaMethod.doMethodInvoke(MetaMethod.java:325)
	at groovy.lang.MetaClassImpl.invokeMethod(MetaClassImpl.java:1213)
	at groovy.lang.MetaClassImpl.invokeMethod(MetaClassImpl.java:1022)
	at org.codehaus.groovy.runtime.callsite.PogoMetaClassSite.call(PogoMetaClassSite.java:42)
	at org.codehaus.groovy.runtime.callsite.CallSiteArray.defaultCall(CallSiteArray.java:48)
	at org.codehaus.groovy.runtime.callsite.AbstractCallSite.call(AbstractCallSite.java:113)
	at org.kohsuke.groovy.sandbox.impl.Checker$1.call(Checker.java:157)
	at org.kohsuke.groovy.sandbox.GroovyInterceptor.onMethodCall(GroovyInterceptor.java:23)
	at org.jenkinsci.plugins.scriptsecurity.sandbox.groovy.SandboxInterceptor.onMethodCall(SandboxInterceptor.java:155)
	at org.kohsuke.groovy.sandbox.impl.Checker$1.call(Checker.java:155)
	at org.kohsuke.groovy.sandbox.impl.Checker.checkedCall(Checker.java:159)
	at org.kohsuke.groovy.sandbox.impl.Checker.checkedCall(Checker.java:129)
	at com.cloudbees.groovy.cps.sandbox.SandboxInvoker.methodCall(SandboxInvoker.java:17)
	at com.cloudbees.groovy.cps.impl.ContinuationGroup.methodCall(ContinuationGroup.java:57)
	at com.cloudbees.groovy.cps.impl.FunctionCallBlock$ContinuationImpl.dispatchOrArg(FunctionCallBlock.java:109)
	at com.cloudbees.groovy.cps.impl.FunctionCallBlock$ContinuationImpl.fixArg(FunctionCallBlock.java:82)
	at sun.reflect.GeneratedMethodAccessor116.invoke(Unknown Source)
	at sun.reflect.DelegatingMethodAccessorImpl.invoke(DelegatingMethodAccessorImpl.java:43)
	at java.lang.reflect.Method.invoke(Method.java:498)
	at com.cloudbees.groovy.cps.impl.ContinuationPtr$ContinuationImpl.receive(ContinuationPtr.java:72)
	at com.cloudbees.groovy.cps.impl.PropertyishBlock$ContinuationImpl.get(PropertyishBlock.java:76)
	at com.cloudbees.groovy.cps.LValueBlock$GetAdapter.receive(LValueBlock.java:30)
	at com.cloudbees.groovy.cps.impl.PropertyishBlock$ContinuationImpl.fixName(PropertyishBlock.java:66)
	at sun.reflect.GeneratedMethodAccessor134.invoke(Unknown Source)
	at sun.reflect.DelegatingMethodAccessorImpl.invoke(DelegatingMethodAccessorImpl.java:43)
	at java.lang.reflect.Method.invoke(Method.java:498)
	at com.cloudbees.groovy.cps.impl.ContinuationPtr$ContinuationImpl.receive(ContinuationPtr.java:72)
	at com.cloudbees.groovy.cps.impl.ConstantBlock.eval(ConstantBlock.java:21)
	at com.cloudbees.groovy.cps.Next.step(Next.java:83)
	at com.cloudbees.groovy.cps.Continuable$1.call(Continuable.java:174)
	at com.cloudbees.groovy.cps.Continuable$1.call(Continuable.java:163)
	at org.codehaus.groovy.runtime.GroovyCategorySupport$ThreadCategoryInfo.use(GroovyCategorySupport.java:129)
	at org.codehaus.groovy.runtime.GroovyCategorySupport.use(GroovyCategorySupport.java:268)
	at com.cloudbees.groovy.cps.Continuable.run0(Continuable.java:163)
	at org.jenkinsci.plugins.workflow.cps.SandboxContinuable.access$101(SandboxContinuable.java:34)
	at org.jenkinsci.plugins.workflow.cps.SandboxContinuable.lambda$run0$0(SandboxContinuable.java:59)
	at org.jenkinsci.plugins.scriptsecurity.sandbox.groovy.GroovySandbox.runInSandbox(GroovySandbox.java:108)
	at org.jenkinsci.plugins.workflow.cps.SandboxContinuable.run0(SandboxContinuable.java:58)
	at org.jenkinsci.plugins.workflow.cps.CpsThread.runNextChunk(CpsThread.java:182)
	at org.jenkinsci.plugins.workflow.cps.CpsThreadGroup.run(CpsThreadGroup.java:332)
	at org.jenkinsci.plugins.workflow.cps.CpsThreadGroup.access$200(CpsThreadGroup.java:83)
	at org.jenkinsci.plugins.workflow.cps.CpsThreadGroup$2.call(CpsThreadGroup.java:244)
	at org.jenkinsci.plugins.workflow.cps.CpsThreadGroup$2.call(CpsThreadGroup.java:232)
	at org.jenkinsci.plugins.workflow.cps.CpsVmExecutorService$2.call(CpsVmExecutorService.java:64)
	at java.util.concurrent.FutureTask.run(FutureTask.java:266)
	at hudson.remoting.SingleLaneExecutorService$1.run(SingleLaneExecutorService.java:131)
	at jenkins.util.ContextResettingExecutorService$1.run(ContextResettingExecutorService.java:28)
	at jenkins.security.ImpersonatingExecutorService$1.run(ImpersonatingExecutorService.java:59)
	at java.util.concurrent.Executors$RunnableAdapter.call(Executors.java:511)
	at java.util.concurrent.FutureTask.run(FutureTask.java:266)
	at java.util.concurrent.ThreadPoolExecutor.runWorker(ThreadPoolExecutor.java:1149)
	at java.util.concurrent.ThreadPoolExecutor$Worker.run(ThreadPoolExecutor.java:624)
	at java.lang.Thread.run(Thread.java:748)
[Pipeline] withEnv
[Pipeline] {
[Pipeline] stage
[Pipeline] { (CI Build and deploy preview)
[Pipeline] withEnv
[Pipeline] {
[Pipeline] checkout
[Pipeline] sh
+ ./scripts/ci/feature.sh
+ set -e
+ apt-get install --fix-missing -y yarn
Reading package lists...
Building dependency tree...
Reading state information...
The following additional packages will be installed:
  libyaml-0-2 python-chardet python-cliapp python-markdown python-pygments
  python-ttystatus python-yaml
Suggested packages:
  libjs-jquery libjs-underscore python-markdown-doc ttf-bitstream-vera
The following NEW packages will be installed:
  cmdtest libyaml-0-2 python-chardet python-cliapp python-markdown
  python-pygments python-ttystatus python-yaml
0 upgraded, 8 newly installed, 0 to remove and 7 not upgraded.
Need to get 1025 kB of archives.
After this operation, 5210 kB of additional disk space will be used.
Get:1 http://deb.debian.org/debian stretch/main amd64 libyaml-0-2 amd64 0.1.7-2 [47.6 kB]
Get:2 http://deb.debian.org/debian stretch/main amd64 python-yaml amd64 3.12-1 [119 kB]
Get:3 http://deb.debian.org/debian stretch/main amd64 python-cliapp all 1.20160724-2 [80.6 kB]
Get:4 http://deb.debian.org/debian stretch/main amd64 python-ttystatus all 0.34-1 [14.7 kB]
Get:5 http://deb.debian.org/debian stretch/main amd64 python-markdown all 2.6.8-1 [58.0 kB]
Get:6 http://deb.debian.org/debian stretch/main amd64 cmdtest all 0.27-1 [19.8 kB]
Get:7 http://deb.debian.org/debian stretch/main amd64 python-chardet all 2.3.0-2 [96.0 kB]
Get:8 http://deb.debian.org/debian stretch/main amd64 python-pygments all 2.2.0+dfsg-1 [590 kB]
debconf: delaying package configuration, since apt-utils is not installed
Fetched 1025 kB in 0s (5741 kB/s)
Selecting previously unselected package libyaml-0-2:amd64.
(Reading database ... (Reading database ... 5%(Reading database ... 10%(Reading database ... 15%(Reading database ... 20%(Reading database ... 25%(Reading database ... 30%(Reading database ... 35%(Reading database ... 40%(Reading database ... 45%(Reading database ... 50%(Reading database ... 55%(Reading database ... 60%(Reading database ... 65%(Reading database ... 70%(Reading database ... 75%(Reading database ... 80%(Reading database ... 85%(Reading database ... 90%(Reading database ... 95%(Reading database ... 100%(Reading database ... 36156 files and directories currently installed.)
Preparing to unpack .../0-libyaml-0-2_0.1.7-2_amd64.deb ...
Unpacking libyaml-0-2:amd64 (0.1.7-2) ...
Selecting previously unselected package python-yaml.
Preparing to unpack .../1-python-yaml_3.12-1_amd64.deb ...
Unpacking python-yaml (3.12-1) ...
Selecting previously unselected package python-cliapp.
Preparing to unpack .../2-python-cliapp_1.20160724-2_all.deb ...
Unpacking python-cliapp (1.20160724-2) ...
Selecting previously unselected package python-ttystatus.
Preparing to unpack .../3-python-ttystatus_0.34-1_all.deb ...
Unpacking python-ttystatus (0.34-1) ...
Selecting previously unselected package python-markdown.
Preparing to unpack .../4-python-markdown_2.6.8-1_all.deb ...
Unpacking python-markdown (2.6.8-1) ...
Selecting previously unselected package cmdtest.
Preparing to unpack .../5-cmdtest_0.27-1_all.deb ...
Unpacking cmdtest (0.27-1) ...
Selecting previously unselected package python-chardet.
Preparing to unpack .../6-python-chardet_2.3.0-2_all.deb ...
Unpacking python-chardet (2.3.0-2) ...
Selecting previously unselected package python-pygments.
Preparing to unpack .../7-python-pygments_2.2.0+dfsg-1_all.deb ...
Unpacking python-pygments (2.2.0+dfsg-1) ...
Setting up python-chardet (2.3.0-2) ...
Setting up python-ttystatus (0.34-1) ...
Setting up libyaml-0-2:amd64 (0.1.7-2) ...
Setting up python-pygments (2.2.0+dfsg-1) ...
Processing triggers for libc-bin (2.24-11+deb9u3) ...
Setting up python-markdown (2.6.8-1) ...
Setting up python-yaml (3.12-1) ...
Setting up python-cliapp (1.20160724-2) ...
Setting up cmdtest (0.27-1) ...
+ npm -v
5.6.0
+ node -v
v9.11.2
+ yarn -v
1.3.2
+ yarn install --ignore-engines
yarn install v1.3.2
[1/4] Resolving packages...
[2/4] Fetching packages...
info fsevents@1.2.4: The platform "linux" is incompatible with this module.
info "fsevents@1.2.4" is an optional dependency and failed compatibility check. Excluding it from installation.
[3/4] Linking dependencies...
warning "webpack-dev-server > schema-utils > ajv-errors@1.0.0" has unmet peer dependency "ajv@>=5.0.0".
warning "workspace-aggregator-1605e65b-761f-4567-b7e5-799595508e6f > @cloudbees/core-data@1.0.0" has unmet peer dependency "mobx@^5.5.2".
warning "workspace-aggregator-1605e65b-761f-4567-b7e5-799595508e6f > @cloudbees/core-data@1.0.0" has unmet peer dependency "mobx-react@^5.3.6".
warning "workspace-aggregator-1605e65b-761f-4567-b7e5-799595508e6f > @cloudbees/core-data@1.0.0" has unmet peer dependency "mobx-state-tree@^3.7.1".
warning "workspace-aggregator-1605e65b-761f-4567-b7e5-799595508e6f > @cloudbees/core-data@1.0.0" has unmet peer dependency "react@^16.6.0".
warning "workspace-aggregator-1605e65b-761f-4567-b7e5-799595508e6f > @cloudbees/core-shipyard@1.0.0" has unmet peer dependency "react@^16.6.0".
warning "workspace-aggregator-1605e65b-761f-4567-b7e5-799595508e6f > @cloudbees/core-shipyard@1.0.0" has unmet peer dependency "react-dom@^16.6.0".
warning "workspace-aggregator-1605e65b-761f-4567-b7e5-799595508e6f > @cloudbees/kubecd-data@1.0.0" has unmet peer dependency "mobx@^5.5.2".
warning "workspace-aggregator-1605e65b-761f-4567-b7e5-799595508e6f > @cloudbees/kubecd-data@1.0.0" has unmet peer dependency "mobx-react@^5.3.6".
warning "workspace-aggregator-1605e65b-761f-4567-b7e5-799595508e6f > @cloudbees/kubecd-data@1.0.0" has unmet peer dependency "mobx-state-tree@^3.7.1".
warning "workspace-aggregator-1605e65b-761f-4567-b7e5-799595508e6f > @cloudbees/compliance-ui > @storybook/addon-jest@3.4.11" has unmet peer dependency "@storybook/addons@^3.3.0".
warning "workspace-aggregator-1605e65b-761f-4567-b7e5-799595508e6f > @cloudbees/compliance-ui > @storybook/addon-options@3.4.11" has unmet peer dependency "@storybook/addons@^3.3.0".
warning "workspace-aggregator-1605e65b-761f-4567-b7e5-799595508e6f > @cloudbees/compliance-ui > env-var-helpers@4.1.0" has unmet peer dependency "lodash@^4.x".
warning "workspace-aggregator-1605e65b-761f-4567-b7e5-799595508e6f > @cloudbees/core-shipyard > react-modal@3.6.1" has unmet peer dependency "react@^0.14.0 || ^15.0.0 || ^16".
warning "workspace-aggregator-1605e65b-761f-4567-b7e5-799595508e6f > @cloudbees/core-shipyard > react-modal@3.6.1" has unmet peer dependency "react-dom@^0.14.0 || ^15.0.0 || ^16".
warning "workspace-aggregator-1605e65b-761f-4567-b7e5-799595508e6f > @cloudbees/core-shipyard > react-outside-click-handler@1.2.2" has unmet peer dependency "react@^0.14 || >=15".
warning "workspace-aggregator-1605e65b-761f-4567-b7e5-799595508e6f > @cloudbees/core-shipyard > react-outside-click-handler@1.2.2" has unmet peer dependency "react-dom@^0.14 || >=15".
warning "workspace-aggregator-1605e65b-761f-4567-b7e5-799595508e6f > @cloudbees/core-shipyard > react-select@2.1.1" has unmet peer dependency "react@^15.3.0 || ^16.0.0".
warning "workspace-aggregator-1605e65b-761f-4567-b7e5-799595508e6f > @cloudbees/core-shipyard > react-select@2.1.1" has unmet peer dependency "react-dom@^15.3.0 || ^16.0.0".
warning "workspace-aggregator-1605e65b-761f-4567-b7e5-799595508e6f > @cloudbees/core-shipyard > react-transition-group@2.5.0" has unmet peer dependency "react@>=15.0.0".
warning "workspace-aggregator-1605e65b-761f-4567-b7e5-799595508e6f > @cloudbees/core-shipyard > react-transition-group@2.5.0" has unmet peer dependency "react-dom@>=15.0.0".
warning "workspace-aggregator-1605e65b-761f-4567-b7e5-799595508e6f > @cloudbees/core-shipyard > @storybook/addon-actions@4.0.4" has unmet peer dependency "react@*".
warning "workspace-aggregator-1605e65b-761f-4567-b7e5-799595508e6f > @cloudbees/core-ui > @expantra/pipeline-widget-proto@0.0.2-JW" has unmet peer dependency "react@^16.4.1".
warning "workspace-aggregator-1605e65b-761f-4567-b7e5-799595508e6f > @cloudbees/core-ui > @expantra/pipeline-widget-proto@0.0.2-JW" has unmet peer dependency "react-dom@^16.4.1".
warning "workspace-aggregator-1605e65b-761f-4567-b7e5-799595508e6f > @cloudbees/kubecd-ui > formik@1.3.2" has unmet peer dependency "react@>=15".
warning "workspace-aggregator-1605e65b-761f-4567-b7e5-799595508e6f > @cloudbees/kubecd-ui > react-addons-css-transition-group@15.6.2" has unmet peer dependency "react@^15.4.2".
warning "workspace-aggregator-1605e65b-761f-4567-b7e5-799595508e6f > @cloudbees/kubecd-ui > react-dimensions@1.3.1" has unmet peer dependency "react@^0.14.0 || ^15.0.0 || ^16.0.0".
warning "workspace-aggregator-1605e65b-761f-4567-b7e5-799595508e6f > @cloudbees/kubecd-ui > react-dimensions@1.3.1" has unmet peer dependency "react-dom@^0.14.0 || ^15.0.0 || ^16.0.0".
warning "workspace-aggregator-1605e65b-761f-4567-b7e5-799595508e6f > @cloudbees/kubecd-ui > react-gravatar@2.6.3" has unmet peer dependency "react@*".
warning "workspace-aggregator-1605e65b-761f-4567-b7e5-799595508e6f > @cloudbees/kubecd-ui > react-select@1.3.0" has unmet peer dependency "react@^0.14.9 || ^15.3.0 || ^16.0.0-rc || ^16.0".
warning "workspace-aggregator-1605e65b-761f-4567-b7e5-799595508e6f > @cloudbees/kubecd-ui > react-select@1.3.0" has unmet peer dependency "react-dom@^0.14.9 || ^15.3.0 || ^16.0.0-rc || ^16.0".
warning "workspace-aggregator-1605e65b-761f-4567-b7e5-799595508e6f > @cloudbees/kubecd-ui > react-sparklines@1.7.0" has unmet peer dependency "react@*".
warning "workspace-aggregator-1605e65b-761f-4567-b7e5-799595508e6f > @cloudbees/kubecd-ui > react-sparklines@1.7.0" has unmet peer dependency "react-dom@*".
warning "workspace-aggregator-1605e65b-761f-4567-b7e5-799595508e6f > @cloudbees/kubecd-ui > react-spinners@0.4.7" has unmet peer dependency "react@^0.14.0 || ^15.0.0 || ^16.0.0".
warning "workspace-aggregator-1605e65b-761f-4567-b7e5-799595508e6f > @cloudbees/kubecd-ui > react-spinners@0.4.7" has unmet peer dependency "react-dom@^0.14.0 || ^15.0.0 || ^16.0.0".
warning "workspace-aggregator-1605e65b-761f-4567-b7e5-799595508e6f > @cloudbees/kubecd-ui > react-virtualized@9.21.0" has unmet peer dependency "react@^15.3.0 || ^16.0.0-alpha".
warning "workspace-aggregator-1605e65b-761f-4567-b7e5-799595508e6f > @cloudbees/kubecd-ui > react-virtualized@9.21.0" has unmet peer dependency "react-dom@^15.3.0 || ^16.0.0-alpha".
warning "workspace-aggregator-1605e65b-761f-4567-b7e5-799595508e6f > @cloudbees/compliance-ui > env-var-helpers > mad-logs@10.3.6" has unmet peer dependency "lodash@^4.x".
warning "workspace-aggregator-1605e65b-761f-4567-b7e5-799595508e6f > @cloudbees/core-shipyard > react-outside-click-handler > airbnb-prop-types@2.11.0" has unmet peer dependency "react@^0.14 || ^15.0.0 || ^16.0.0-alpha".
warning "workspace-aggregator-1605e65b-761f-4567-b7e5-799595508e6f > @cloudbees/core-shipyard > react-select > react-input-autosize@2.2.1" has unmet peer dependency "react@^0.14.9 || ^15.3.0 || ^16.0.0-rc || ^16.0".
warning "workspace-aggregator-1605e65b-761f-4567-b7e5-799595508e6f > @cloudbees/core-shipyard > @storybook/addon-actions > @emotion/core@0.13.1" has unmet peer dependency "react@>=16.3.0".
warning "workspace-aggregator-1605e65b-761f-4567-b7e5-799595508e6f > @cloudbees/core-shipyard > @storybook/addon-actions > @emotion/provider@0.11.2" has unmet peer dependency "react@>=16.3.0".
warning "workspace-aggregator-1605e65b-761f-4567-b7e5-799595508e6f > @cloudbees/core-shipyard > @storybook/addon-actions > @storybook/components@4.0.4" has unmet peer dependency "react@*".
warning "workspace-aggregator-1605e65b-761f-4567-b7e5-799595508e6f > @cloudbees/core-shipyard > @storybook/addon-actions > @storybook/components@4.0.4" has unmet peer dependency "react-dom@*".
warning "workspace-aggregator-1605e65b-761f-4567-b7e5-799595508e6f > @cloudbees/core-shipyard > @storybook/addon-actions > react-inspector@2.3.0" has unmet peer dependency "react@^0.14.0 || ^15.0.0 || ^16.0.0".
warning "workspace-aggregator-1605e65b-761f-4567-b7e5-799595508e6f > @cloudbees/kubecd-ui > formik > create-react-context@0.2.3" has unmet peer dependency "prop-types@^15.0.0".
warning "workspace-aggregator-1605e65b-761f-4567-b7e5-799595508e6f > @cloudbees/kubecd-ui > formik > create-react-context@0.2.3" has unmet peer dependency "react@^0.14.0 || ^15.0.0 || ^16.0.0".
warning "workspace-aggregator-1605e65b-761f-4567-b7e5-799595508e6f > @cloudbees/kubecd-ui > react-addons-css-transition-group > react-transition-group@1.2.1" has unmet peer dependency "react@^15.0.0 || ^16.0.0".
warning "workspace-aggregator-1605e65b-761f-4567-b7e5-799595508e6f > @cloudbees/kubecd-ui > react-addons-css-transition-group > react-transition-group@1.2.1" has unmet peer dependency "react-dom@^15.0.0 || ^16.0.0".
warning "workspace-aggregator-1605e65b-761f-4567-b7e5-799595508e6f > @cloudbees/kubecd-ui > react-spinners > react-emotion@9.2.12" has unmet peer dependency "react@15.x || 16.x".
warning "workspace-aggregator-1605e65b-761f-4567-b7e5-799595508e6f > @cloudbees/kubecd-ui > react-spinners > recompose@0.27.1" has unmet peer dependency "react@^0.14.0 || ^15.0.0 || ^16.0.0".
warning "workspace-aggregator-1605e65b-761f-4567-b7e5-799595508e6f > @cloudbees/compliance-ui > @storybook/react > @emotion/styled > @emotion/styled-base@0.10.6" has unmet peer dependency "@emotion/core@0.x.x".
warning "workspace-aggregator-1605e65b-761f-4567-b7e5-799595508e6f > @cloudbees/compliance-ui > env-var-helpers > mad-logs > env-var-helpers@5.2.0" has unmet peer dependency "lodash@^4.x".
warning "workspace-aggregator-1605e65b-761f-4567-b7e5-799595508e6f > @cloudbees/core-shipyard > @storybook/addon-actions > @storybook/components > react-textarea-autosize@7.0.4" has unmet peer dependency "react@>=0.14.0 <17.0.0".
warning "workspace-aggregator-1605e65b-761f-4567-b7e5-799595508e6f > @cloudbees/core-shipyard > @storybook/addon-actions > @storybook/components > render-fragment@0.1.1" has unmet peer dependency "react@^15.0.0 || ^16.0.0".
warning "workspace-aggregator-1605e65b-761f-4567-b7e5-799595508e6f > @cloudbees/core-shipyard > @storybook/addon-actions > @storybook/components > render-fragment@0.1.1" has unmet peer dependency "prop-types@^15.0.0 || ^16.0.0".
warning "workspace-aggregator-1605e65b-761f-4567-b7e5-799595508e6f > @cloudbees/kubecd-ui > react-spinners > react-emotion > create-emotion-styled@9.2.8" has unmet peer dependency "prop-types@15.x".
[4/4] Building fresh packages...
Done in 135.59s.
+ yarn build-packages
yarn run v1.3.2
$ sh ./scripts/build/packages.sh
15:02:09
$ /tmp/jenkinsTests.tmp/jenkins5055090524578348319test/workspace/job/node_modules/.bin/lerna run build --scope @cloudbees/core-api
lerna notice cli v3.4.3
lerna info versioning independent
lerna info filter [ '@cloudbees/core-api' ]
lerna info Executing command in 1 package: "npm run build"

> @cloudbees/core-api@1.0.0 build /tmp/jenkinsTests.tmp/jenkins5055090524578348319test/workspace/job/packages/core-api
> rimraf ./dist && tsc -p ./tsconfig.build.json

lerna success run Ran npm script 'build' in 1 package:
lerna success - @cloudbees/core-api
15:02:16
$ /tmp/jenkinsTests.tmp/jenkins5055090524578348319test/workspace/job/node_modules/.bin/lerna run build --scope @cloudbees/core-data
lerna notice cli v3.4.3
lerna info versioning independent
lerna info filter [ '@cloudbees/core-data' ]
lerna info Executing command in 1 package: "npm run build"

> @cloudbees/core-data@1.0.0 build /tmp/jenkinsTests.tmp/jenkins5055090524578348319test/workspace/job/packages/core-data
> rimraf ./dist && tsc -p ./tsconfig.build.json

lerna success run Ran npm script 'build' in 1 package:
lerna success - @cloudbees/core-data
15:02:22
$ /tmp/jenkinsTests.tmp/jenkins5055090524578348319test/workspace/job/node_modules/.bin/lerna run build --scope @cloudbees/core-flags
lerna notice cli v3.4.3
lerna info versioning independent
lerna info filter [ '@cloudbees/core-flags' ]
lerna info Executing command in 1 package: "npm run build"

> @cloudbees/core-flags@1.0.0 build /tmp/jenkinsTests.tmp/jenkins5055090524578348319test/workspace/job/packages/core-flags
> rimraf ./dist && tsc -p ./tsconfig.build.json

lerna success run Ran npm script 'build' in 1 package:
lerna success - @cloudbees/core-flags
15:02:27
$ /tmp/jenkinsTests.tmp/jenkins5055090524578348319test/workspace/job/node_modules/.bin/lerna run build --scope @cloudbees/core-shipyard
lerna notice cli v3.4.3
lerna info versioning independent
lerna info filter [ '@cloudbees/core-shipyard' ]
lerna info Executing command in 1 package: "npm run build"

> @cloudbees/core-shipyard@1.0.0 build /tmp/jenkinsTests.tmp/jenkins5055090524578348319test/workspace/job/packages/core-shipyard
> rimraf ./dist && tsc -p ./tsconfig.build.json

lerna success run Ran npm script 'build' in 1 package:
lerna success - @cloudbees/core-shipyard
15:02:36
$ /tmp/jenkinsTests.tmp/jenkins5055090524578348319test/workspace/job/node_modules/.bin/lerna run build-css --scope '@cloudbees/*'
lerna notice cli v3.4.3
lerna info versioning independent
lerna info filter [ '@cloudbees/*' ]
lerna info Executing command in 1 package: "npm run build-css"

> @cloudbees/core-shipyard@1.0.0 build-css /tmp/jenkinsTests.tmp/jenkins5055090524578348319test/workspace/job/packages/core-shipyard
> node-sass --importer ../../node_modules/node-sass-package-importer/dist/cli.js src/styles/shipyard.scss dist/index.css

Rendering Complete, saving .css file...
Wrote CSS to /tmp/jenkinsTests.tmp/jenkins5055090524578348319test/workspace/job/packages/core-shipyard/dist/index.css
lerna success run Ran npm script 'build-css' in 1 package:
lerna success - @cloudbees/core-shipyard
15:02:39
$ /tmp/jenkinsTests.tmp/jenkins5055090524578348319test/workspace/job/node_modules/.bin/lerna run copy-assets --scope '@cloudbees/*'
lerna notice cli v3.4.3
lerna info versioning independent
lerna info filter [ '@cloudbees/*' ]
lerna info Executing command in 1 package: "npm run copy-assets"

> @cloudbees/core-shipyard@1.0.0 copy-assets /tmp/jenkinsTests.tmp/jenkins5055090524578348319test/workspace/job/packages/core-shipyard
> cd src/ && cpx './**/*.{scss, css}' ../dist

lerna success run Ran npm script 'copy-assets' in 1 package:
lerna success - @cloudbees/core-shipyard
15:02:41
$ /tmp/jenkinsTests.tmp/jenkins5055090524578348319test/workspace/job/node_modules/.bin/lerna run build --scope @cloudbees/kubecd-data
lerna notice cli v3.4.3
lerna info versioning independent
lerna info filter [ '@cloudbees/kubecd-data' ]
lerna info Executing command in 1 package: "npm run build"

> @cloudbees/kubecd-data@1.0.0 build /tmp/jenkinsTests.tmp/jenkins5055090524578348319test/workspace/job/packages/kubecd-data
> rimraf ./dist && tsc -p ./tsconfig.build.json

lerna success run Ran npm script 'build' in 1 package:
lerna success - @cloudbees/kubecd-data
Done in 37.79s.
+ yarn test
yarn run v1.3.2
$ cross-env NODE_ENV='ci' lerna run test --stream
lerna notice cli v3.4.3
lerna info versioning independent
lerna info Executing command in 8 packages: "npm run test"
@cloudbees/core-shipyard: > @cloudbees/core-shipyard@1.0.0 test /tmp/jenkinsTests.tmp/jenkins5055090524578348319test/workspace/job/packages/core-shipyard
@cloudbees/core-shipyard: > jest
@cloudbees/core-api: > @cloudbees/core-api@1.0.0 test /tmp/jenkinsTests.tmp/jenkins5055090524578348319test/workspace/job/packages/core-api
@cloudbees/core-api: > jest
@cloudbees/core-flags: > @cloudbees/core-flags@1.0.0 test /tmp/jenkinsTests.tmp/jenkins5055090524578348319test/workspace/job/packages/core-flags
@cloudbees/core-flags: > jest || true
@cloudbees/core-flags: No tests found
@cloudbees/core-flags: In /tmp/jenkinsTests.tmp/jenkins5055090524578348319test/workspace/job/packages/core-flags
@cloudbees/core-flags:   7 files checked.
@cloudbees/core-flags:   testMatch: **/__tests__/**/*.js?(x),**/?(*.)+(spec|test).js?(x) - 0 matches
@cloudbees/core-flags:   testPathIgnorePatterns: /node_modules/ - 7 matches
@cloudbees/core-flags: Pattern:  - 0 matches
@cloudbees/core-api: PASS src/auth.spec.ts (9.46s)
@cloudbees/core-api:   auth
@cloudbees/core-api:     âœ“ should be able to call signOut (5ms)
@cloudbees/core-api: Test Suites: 1 passed, 1 total
@cloudbees/core-api: Tests:       1 passed, 1 total
@cloudbees/core-api: Snapshots:   0 total
@cloudbees/core-api: Time:        9.545s
@cloudbees/core-api: Ran all test suites.
@cloudbees/core-shipyard: PASS src/components/menu/Menu.spec.tsx
@cloudbees/core-shipyard: PASS src/components/icon/Icon.spec.tsx
@cloudbees/core-shipyard: PASS src/components/modal/Modal.spec.tsx
@cloudbees/core-shipyard: PASS src/components/button/Button.spec.tsx
@cloudbees/core-shipyard: PASS src/components/card/Card.spec.tsx
@cloudbees/core-shipyard: PASS tests/shots.js (13.272s)
@cloudbees/core-shipyard:   â— Console
@cloudbees/core-shipyard:     console.warn src/utils/stories/withComponentTests.ts:8
@cloudbees/core-shipyard:       No tests results available
@cloudbees/core-shipyard: Test Suites: 6 passed, 6 total
@cloudbees/core-shipyard: Tests:       80 passed, 80 total
@cloudbees/core-shipyard: Snapshots:   67 passed, 67 total
@cloudbees/core-shipyard: Time:        31.814s
@cloudbees/core-shipyard: Ran all test suites.
@cloudbees/core-data: > @cloudbees/core-data@1.0.0 test /tmp/jenkinsTests.tmp/jenkins5055090524578348319test/workspace/job/packages/core-data
@cloudbees/core-data: > jest
@cloudbees/kubecd-data: > @cloudbees/kubecd-data@1.0.0 test /tmp/jenkinsTests.tmp/jenkins5055090524578348319test/workspace/job/packages/kubecd-data
@cloudbees/kubecd-data: > jest
@cloudbees/kubecd-data: PASS src/models/common/utils/ifEmptyThen.spec.ts (5.655s)
@cloudbees/kubecd-data:   ifEmptyThen
@cloudbees/kubecd-data:     âœ“ should return fallback when called with empty value (4ms)
@cloudbees/kubecd-data:     âœ“ should return value when called with non-empty value (2ms)
@cloudbees/kubecd-data:     âœ“ should handle numbers as empty values
@cloudbees/kubecd-data: Test Suites: 1 passed, 1 total
@cloudbees/kubecd-data: Tests:       3 passed, 3 total
@cloudbees/kubecd-data: Snapshots:   0 total
@cloudbees/kubecd-data: Time:        5.692s
@cloudbees/kubecd-data: Ran all test suites.
@cloudbees/core-data: PASS src/utils/ifEmptyThen.spec.ts (5.693s)
@cloudbees/core-data:   ifEmptyThen
@cloudbees/core-data:     âœ“ should return fallback when called with empty value (5ms)
@cloudbees/core-data:     âœ“ should return value when called with non-empty value (2ms)
@cloudbees/core-data:     âœ“ should handle numbers as empty values
@cloudbees/core-data: Test Suites: 1 passed, 1 total
@cloudbees/core-data: Tests:       3 passed, 3 total
@cloudbees/core-data: Snapshots:   0 total
@cloudbees/core-data: Time:        5.733s
@cloudbees/core-data: Ran all test suites.
@cloudbees/compliance-ui: > @cloudbees/compliance-ui@1.0.0 test /tmp/jenkinsTests.tmp/jenkins5055090524578348319test/workspace/job/packages/compliance-ui
@cloudbees/compliance-ui: > exit
@cloudbees/kubecd-ui: > @cloudbees/kubecd-ui@1.0.0 test /tmp/jenkinsTests.tmp/jenkins5055090524578348319test/workspace/job/packages/kubecd-ui
@cloudbees/kubecd-ui: > jest
@cloudbees/kubecd-ui: PASS src/js/components-jdl/table/Table.spec.tsx
@cloudbees/kubecd-ui: PASS src/js/components-jdl/dialog/Dialog.spec.tsx
@cloudbees/kubecd-ui: PASS src/js/components-jdl/dropdown/Dropdown.spec.tsx
@cloudbees/kubecd-ui: PASS src/js/components-jdl/button/Button.spec.tsx
@cloudbees/kubecd-ui: PASS src/js/components-jdl/utils/css.spec.tsx
@cloudbees/kubecd-ui: PASS src/js/common/utils/redirectOnEvent.spec.ts
@cloudbees/kubecd-ui: PASS src/js/components-jdl/sheets/Sheets.spec.tsx
@cloudbees/kubecd-ui: PASS src/js/components-jdl/sidebar/Sidebar.spec.tsx
@cloudbees/kubecd-ui: Test Suites: 8 passed, 8 total
@cloudbees/kubecd-ui: Tests:       26 passed, 26 total
@cloudbees/kubecd-ui: Snapshots:   0 total
@cloudbees/kubecd-ui: Time:        16.904s
@cloudbees/kubecd-ui: Ran all test suites.
@cloudbees/core-ui: > @cloudbees/core-ui@1.0.0 test /tmp/jenkinsTests.tmp/jenkins5055090524578348319test/workspace/job/packages/core-ui
@cloudbees/core-ui: > jest
@cloudbees/core-ui: FAIL tests/shots.js (68.186s)
@cloudbees/core-ui:   Storyshots
@cloudbees/core-ui:     Members
@cloudbees/core-ui:       âœ“ MemberList ðŸ“· (75ms)
@cloudbees/core-ui:     Project
@cloudbees/core-ui:       âœ• ProjectList ðŸ“· (30ms)
@cloudbees/core-ui:     Teams
@cloudbees/core-ui:       âœ“ TeamList ðŸ“· (19ms)
@cloudbees/core-ui:   â— Storyshots â€º Project â€º ProjectList ðŸ“·
@cloudbees/core-ui:     expect(value).toMatchSnapshot()
@cloudbees/core-ui:     Received value does not match stored snapshot "Storyshots Project ProjectList ðŸ“· 1".
@cloudbees/core-ui:     - Snapshot
@cloudbees/core-ui:     + Received
@cloudbees/core-ui:     @@ -27,11 +27,11 @@
@cloudbees/core-ui:             >
@cloudbees/core-ui:               <div
@cloudbees/core-ui:                 className="col-container"
@cloudbees/core-ui:               >
@cloudbees/core-ui:                 <div
@cloudbees/core-ui:     -             className="col"
@cloudbees/core-ui:     +             className="col col-50"
@cloudbees/core-ui:                 >
@cloudbees/core-ui:                   <div
@cloudbees/core-ui:                     className="p-12 box-link relative p-16 mb-20 mb-32 h-80"
@cloudbees/core-ui:                     onClick={[Function]}
@cloudbees/core-ui:                     onKeyDown={[Function]}
@cloudbees/core-ui:     @@ -67,11 +67,11 @@
@cloudbees/core-ui:                       </span>
@cloudbees/core-ui:                     </div>
@cloudbees/core-ui:                   </div>
@cloudbees/core-ui:                 </div>
@cloudbees/core-ui:                 <div
@cloudbees/core-ui:     -             className="col"
@cloudbees/core-ui:     +             className="col col-50"
@cloudbees/core-ui:                 >
@cloudbees/core-ui:                   <div
@cloudbees/core-ui:                     className="p-12 box-link relative p-16 mb-20 mb-32 h-80"
@cloudbees/core-ui:                     onClick={[Function]}
@cloudbees/core-ui:                     onKeyDown={[Function]}
@cloudbees/core-ui:     @@ -119,11 +119,11 @@
@cloudbees/core-ui:             >
@cloudbees/core-ui:               <div
@cloudbees/core-ui:                 className="col-container"
@cloudbees/core-ui:               >
@cloudbees/core-ui:                 <div
@cloudbees/core-ui:     -             className="col"
@cloudbees/core-ui:     +             className="col col-50"
@cloudbees/core-ui:                 >
@cloudbees/core-ui:                   <div
@cloudbees/core-ui:                     className="p-12 box-link relative p-16 mb-20 mb-32 h-80"
@cloudbees/core-ui:                     onClick={[Function]}
@cloudbees/core-ui:                     onKeyDown={[Function]}
@cloudbees/core-ui:     @@ -159,11 +159,11 @@
@cloudbees/core-ui:                       </span>
@cloudbees/core-ui:                     </div>
@cloudbees/core-ui:                   </div>
@cloudbees/core-ui:                 </div>
@cloudbees/core-ui:                 <div
@cloudbees/core-ui:     -             className="col"
@cloudbees/core-ui:     +             className="col col-50"
@cloudbees/core-ui:                 >
@cloudbees/core-ui:                   <div />
@cloudbees/core-ui:                 </div>
@cloudbees/core-ui:               </div>
@cloudbees/core-ui:             </div>
@cloudbees/core-ui:       at match (../../node_modules/@storybook/addon-storyshots/dist/test-bodies.js:25:20)
@cloudbees/core-ui:       at ../../node_modules/@storybook/addon-storyshots/dist/test-bodies.js:39:10
@cloudbees/core-ui:       at ../../node_modules/@storybook/addon-storyshots/dist/test-bodies.js:49:35
@cloudbees/core-ui:       at Object.<anonymous> (../../node_modules/@storybook/addon-storyshots/dist/api/snapshotsTestsTemplate.js:39:33)
@cloudbees/core-ui:  â€º 1 snapshot failed.
@cloudbees/core-ui: Snapshot Summary
@cloudbees/core-ui:  â€º 1 snapshot failed from 1 test suite. Inspect your code changes or run `yarn test -u` to update them.
@cloudbees/core-ui: Test Suites: 1 failed, 1 total
@cloudbees/core-ui: Tests:       1 failed, 2 passed, 3 total
@cloudbees/core-ui: Snapshots:   1 failed, 2 passed, 3 total
@cloudbees/core-ui: Time:        74.921s
@cloudbees/core-ui: Ran all test suites.
@cloudbees/core-ui: npm ERR! code ELIFECYCLE
@cloudbees/core-ui: npm ERR! errno 1
@cloudbees/core-ui: npm ERR! @cloudbees/core-ui@1.0.0 test: `jest`
@cloudbees/core-ui: npm ERR! Exit status 1
@cloudbees/core-ui: npm ERR! 
@cloudbees/core-ui: npm ERR! Failed at the @cloudbees/core-ui@1.0.0 test script.
@cloudbees/core-ui: npm ERR! This is probably not a problem with npm. There is likely additional logging output above.
@cloudbees/core-ui: npm ERR! A complete log of this run can be found in:
@cloudbees/core-ui: npm ERR!     /builder/home/.npm/_logs/2018-12-14T15_05_04_775Z-debug.log
lerna ERR! npm run test exited 1 in '@cloudbees/core-ui'
lerna ERR! npm run test stdout:

> @cloudbees/core-ui@1.0.0 test /tmp/jenkinsTests.tmp/jenkins5055090524578348319test/workspace/job/packages/core-ui
> jest


lerna ERR! npm run test stderr:
FAIL tests/shots.js (68.186s)
  Storyshots
    Members
      âœ“ MemberList ðŸ“· (75ms)
    Project
      âœ• ProjectList ðŸ“· (30ms)
    Teams
      âœ“ TeamList ðŸ“· (19ms)

  â— Storyshots â€º Project â€º ProjectList ðŸ“·

    expect(value).toMatchSnapshot()

    Received value does not match stored snapshot "Storyshots Project ProjectList ðŸ“· 1".

    - Snapshot
    + Received

    @@ -27,11 +27,11 @@
            >
              <div
                className="col-container"
              >
                <div
    -             className="col"
    +             className="col col-50"
                >
                  <div
                    className="p-12 box-link relative p-16 mb-20 mb-32 h-80"
                    onClick={[Function]}
                    onKeyDown={[Function]}
    @@ -67,11 +67,11 @@
                      </span>
                    </div>
                  </div>
                </div>
                <div
    -             className="col"
    +             className="col col-50"
                >
                  <div
                    className="p-12 box-link relative p-16 mb-20 mb-32 h-80"
                    onClick={[Function]}
                    onKeyDown={[Function]}
    @@ -119,11 +119,11 @@
            >
              <div
                className="col-container"
              >
                <div
    -             className="col"
    +             className="col col-50"
                >
                  <div
                    className="p-12 box-link relative p-16 mb-20 mb-32 h-80"
                    onClick={[Function]}
                    onKeyDown={[Function]}
    @@ -159,11 +159,11 @@
                      </span>
                    </div>
                  </div>
                </div>
                <div
    -             className="col"
    +             className="col col-50"
                >
                  <div />
                </div>
              </div>
            </div>

      at match (../../node_modules/@storybook/addon-storyshots/dist/test-bodies.js:25:20)
      at ../../node_modules/@storybook/addon-storyshots/dist/test-bodies.js:39:10
      at ../../node_modules/@storybook/addon-storyshots/dist/test-bodies.js:49:35
      at Object.<anonymous> (../../node_modules/@storybook/addon-storyshots/dist/api/snapshotsTestsTemplate.js:39:33)

 â€º 1 snapshot failed.
Snapshot Summary
 â€º 1 snapshot failed from 1 test suite. Inspect your code changes or run `yarn test -u` to update them.

Test Suites: 1 failed, 1 total
Tests:       1 failed, 2 passed, 3 total
Snapshots:   1 failed, 2 passed, 3 total
Time:        74.921s
Ran all test suites.
npm ERR! code ELIFECYCLE
npm ERR! errno 1
npm ERR! @cloudbees/core-ui@1.0.0 test: `jest`
npm ERR! Exit status 1
npm ERR! 
npm ERR! Failed at the @cloudbees/core-ui@1.0.0 test script.
npm ERR! This is probably not a problem with npm. There is likely additional logging output above.

npm ERR! A complete log of this run can be found in:
npm ERR!     /builder/home/.npm/_logs/2018-12-14T15_05_04_775Z-debug.log

lerna ERR! npm run test exited 1 in '@cloudbees/core-ui'
error Command failed with exit code 1.
info Visit https://yarnpkg.com/en/docs/cli/run for documentation about this command.
Post stage
[Pipeline] archiveArtifacts
Archiving artifacts
[Pipeline] }
[Pipeline] // withEnv
[Pipeline] }
[Pipeline] // stage
[Pipeline] stage
[Pipeline] { (Build and Deploy Release)
Stage "Build and Deploy Release" skipped due to earlier failure(s)
[Pipeline] }
[Pipeline] // stage
[Pipeline] }
[Pipeline] // withEnv
[Pipeline] }
[Pipeline] // withCredentials
[Pipeline] }
[Pipeline] // node
[Pipeline] End of Pipeline
ERROR: script returned exit code 1
Finished: FAILURE
