Step: build-step-credential-initializer:

{"level":"warn","ts":1547188793.7649412,"logger":"fallback-logger","caller":"logging/config.go:65","msg":"Fetch GitHub commit ID from kodata failed: \"ref: refs/heads/test\" is not a valid GitHub commit ID"}
{"level":"info","ts":1547188793.7653148,"logger":"fallback-logger","caller":"creds-init/main.go:40","msg":"Credentials initialized."}
Step: build-step-git-source-0:

{"level":"warn","ts":1547188795.9544363,"logger":"fallback-logger","caller":"logging/config.go:65","msg":"Fetch GitHub commit ID from kodata failed: \"ref: refs/heads/test\" is not a valid GitHub commit ID"}
{"level":"info","ts":1547188798.1466067,"logger":"fallback-logger","caller":"git-init/main.go:92","msg":"Successfully cloned \"https://github.com/cloudbees/core-frontend.git\" @ \"e1c84d62ca839b4d0724c0285f478b990210f938\" in path \"/workspace\""}
Step: build-step-jenkins:

Picked up _JAVA_OPTIONS: -Xmx400m
Started
Running in Durability level: PERFORMANCE_OPTIMIZED
  13.351 [id=48]	WARNING	i.f.k.c.i.VersionUsageUtils#alert: The client is using resource type 'customresourcedefinitions' with unstable version 'v1beta1'
[Pipeline] node
Running on Jenkins in /tmp/jenkinsTests.tmp/jenkins2020075401075834995test/workspace/job
  22.115 [id=51]	WARNING	o.j.plugins.workflow.cps.DSL#invokeStep: Error storing the arguments for step: checkout
org.kohsuke.stapler.NoStaplerConstructorException: There's no @DataBoundConstructor on any constructor of class io.jenkins.jenkinsfile.runner.FileSystemSCM
	at org.kohsuke.stapler.ClassDescriptor.loadConstructorParamNames(ClassDescriptor.java:265)
	at org.jenkinsci.plugins.structs.describable.DescribableModel.<init>(DescribableModel.java:144)
	at org.jenkinsci.plugins.structs.describable.DescribableModel.of(DescribableModel.java:114)
	at org.jenkinsci.plugins.workflow.cps.actions.ArgumentsActionImpl.sanitizeObjectAndRecordMutation(ArgumentsActionImpl.java:294)
	at org.jenkinsci.plugins.workflow.cps.actions.ArgumentsActionImpl.sanitizeMapAndRecordMutation(ArgumentsActionImpl.java:386)
	at org.jenkinsci.plugins.workflow.cps.actions.ArgumentsActionImpl.<init>(ArgumentsActionImpl.java:74)
	at org.jenkinsci.plugins.workflow.cps.DSL.invokeStep(DSL.java:245)
	at org.jenkinsci.plugins.workflow.cps.DSL.invokeMethod(DSL.java:178)
	at org.jenkinsci.plugins.workflow.cps.CpsScript.invokeMethod(CpsScript.java:122)
	at org.codehaus.groovy.runtime.callsite.PogoMetaClassSite.call(PogoMetaClassSite.java:48)
	at org.codehaus.groovy.runtime.callsite.CallSiteArray.defaultCall(CallSiteArray.java:48)
	at org.codehaus.groovy.runtime.callsite.AbstractCallSite.call(AbstractCallSite.java:113)
	at com.cloudbees.groovy.cps.sandbox.DefaultInvoker.methodCall(DefaultInvoker.java:20)
	at com.cloudbees.groovy.cps.impl.ContinuationGroup.methodCall(ContinuationGroup.java:57)
	at com.cloudbees.groovy.cps.impl.FunctionCallBlock$ContinuationImpl.dispatchOrArg(FunctionCallBlock.java:109)
	at com.cloudbees.groovy.cps.impl.FunctionCallBlock$ContinuationImpl.fixArg(FunctionCallBlock.java:82)
	at sun.reflect.GeneratedMethodAccessor146.invoke(Unknown Source)
	at sun.reflect.DelegatingMethodAccessorImpl.invoke(DelegatingMethodAccessorImpl.java:43)
	at java.lang.reflect.Method.invoke(Method.java:498)
	at com.cloudbees.groovy.cps.impl.ContinuationPtr$ContinuationImpl.receive(ContinuationPtr.java:72)
	at com.cloudbees.groovy.cps.impl.PropertyishBlock$ContinuationImpl.get(PropertyishBlock.java:76)
	at com.cloudbees.groovy.cps.LValueBlock$GetAdapter.receive(LValueBlock.java:30)
	at com.cloudbees.groovy.cps.impl.PropertyishBlock$ContinuationImpl.fixName(PropertyishBlock.java:66)
	at sun.reflect.GeneratedMethodAccessor150.invoke(Unknown Source)
	at sun.reflect.DelegatingMethodAccessorImpl.invoke(DelegatingMethodAccessorImpl.java:43)
	at java.lang.reflect.Method.invoke(Method.java:498)
	at com.cloudbees.groovy.cps.impl.ContinuationPtr$ContinuationImpl.receive(ContinuationPtr.java:72)
	at com.cloudbees.groovy.cps.impl.ConstantBlock.eval(ConstantBlock.java:21)
	at com.cloudbees.groovy.cps.Next.step(Next.java:83)
	at com.cloudbees.groovy.cps.Continuable$1.call(Continuable.java:174)
	at com.cloudbees.groovy.cps.Continuable$1.call(Continuable.java:163)
	at org.codehaus.groovy.runtime.GroovyCategorySupport$ThreadCategoryInfo.use(GroovyCategorySupport.java:129)
	at org.codehaus.groovy.runtime.GroovyCategorySupport.use(GroovyCategorySupport.java:268)
	at com.cloudbees.groovy.cps.Continuable.run0(Continuable.java:163)
	at org.jenkinsci.plugins.workflow.cps.SandboxContinuable.access$101(SandboxContinuable.java:34)
	at org.jenkinsci.plugins.workflow.cps.SandboxContinuable.lambda$run0$0(SandboxContinuable.java:59)
	at org.jenkinsci.plugins.scriptsecurity.sandbox.groovy.GroovySandbox.runInSandbox(GroovySandbox.java:108)
	at org.jenkinsci.plugins.workflow.cps.SandboxContinuable.run0(SandboxContinuable.java:58)
	at org.jenkinsci.plugins.workflow.cps.CpsThread.runNextChunk(CpsThread.java:182)
	at org.jenkinsci.plugins.workflow.cps.CpsThreadGroup.run(CpsThreadGroup.java:332)
	at org.jenkinsci.plugins.workflow.cps.CpsThreadGroup.access$200(CpsThreadGroup.java:83)
	at org.jenkinsci.plugins.workflow.cps.CpsThreadGroup$2.call(CpsThreadGroup.java:244)
	at org.jenkinsci.plugins.workflow.cps.CpsThreadGroup$2.call(CpsThreadGroup.java:232)
	at org.jenkinsci.plugins.workflow.cps.CpsVmExecutorService$2.call(CpsVmExecutorService.java:64)
	at java.util.concurrent.FutureTask.run(FutureTask.java:266)
	at hudson.remoting.SingleLaneExecutorService$1.run(SingleLaneExecutorService.java:131)
	at jenkins.util.ContextResettingExecutorService$1.run(ContextResettingExecutorService.java:28)
	at jenkins.security.ImpersonatingExecutorService$1.run(ImpersonatingExecutorService.java:59)
	at java.util.concurrent.Executors$RunnableAdapter.call(Executors.java:511)
	at java.util.concurrent.FutureTask.run(FutureTask.java:266)
	at java.util.concurrent.ThreadPoolExecutor.runWorker(ThreadPoolExecutor.java:1149)
	at java.util.concurrent.ThreadPoolExecutor$Worker.run(ThreadPoolExecutor.java:624)
	at java.lang.Thread.run(Thread.java:748)
[Pipeline] {
[Pipeline] stage
[Pipeline] { (Declarative: Checkout SCM)
[Pipeline] checkout
[Pipeline] }
[Pipeline] // stage
[Pipeline] withCredentials
[Pipeline] {
[Pipeline] withEnv
[Pipeline] {
[Pipeline] stage
[Pipeline] { (CI Build and deploy preview)
  23.121 [id=51]	WARNING	o.j.plugins.workflow.cps.DSL#invokeStep: Error storing the arguments for step: checkout
org.kohsuke.stapler.NoStaplerConstructorException: There's no @DataBoundConstructor on any constructor of class io.jenkins.jenkinsfile.runner.FileSystemSCM
	at org.kohsuke.stapler.ClassDescriptor.loadConstructorParamNames(ClassDescriptor.java:265)
	at org.jenkinsci.plugins.structs.describable.DescribableModel.<init>(DescribableModel.java:144)
	at org.jenkinsci.plugins.structs.describable.DescribableModel.of(DescribableModel.java:114)
	at org.jenkinsci.plugins.workflow.cps.actions.ArgumentsActionImpl.sanitizeObjectAndRecordMutation(ArgumentsActionImpl.java:294)
	at org.jenkinsci.plugins.workflow.cps.actions.ArgumentsActionImpl.sanitizeMapAndRecordMutation(ArgumentsActionImpl.java:386)
	at org.jenkinsci.plugins.workflow.cps.actions.ArgumentsActionImpl.<init>(ArgumentsActionImpl.java:74)
	at org.jenkinsci.plugins.workflow.cps.DSL.invokeStep(DSL.java:245)
	at org.jenkinsci.plugins.workflow.cps.DSL.invokeMethod(DSL.java:178)
	at org.jenkinsci.plugins.workflow.cps.CpsScript.invokeMethod(CpsScript.java:122)
	at sun.reflect.NativeMethodAccessorImpl.invoke0(Native Method)
	at sun.reflect.NativeMethodAccessorImpl.invoke(NativeMethodAccessorImpl.java:62)
	at sun.reflect.DelegatingMethodAccessorImpl.invoke(DelegatingMethodAccessorImpl.java:43)
	at java.lang.reflect.Method.invoke(Method.java:498)
	at org.codehaus.groovy.reflection.CachedMethod.invoke(CachedMethod.java:93)
	at groovy.lang.MetaMethod.doMethodInvoke(MetaMethod.java:325)
	at groovy.lang.MetaClassImpl.invokeMethod(MetaClassImpl.java:1213)
	at groovy.lang.MetaClassImpl.invokeMethod(MetaClassImpl.java:1022)
	at org.codehaus.groovy.runtime.callsite.PogoMetaClassSite.call(PogoMetaClassSite.java:42)
	at org.codehaus.groovy.runtime.callsite.CallSiteArray.defaultCall(CallSiteArray.java:48)
	at org.codehaus.groovy.runtime.callsite.AbstractCallSite.call(AbstractCallSite.java:113)
	at org.kohsuke.groovy.sandbox.impl.Checker$1.call(Checker.java:157)
	at org.kohsuke.groovy.sandbox.GroovyInterceptor.onMethodCall(GroovyInterceptor.java:23)
	at org.jenkinsci.plugins.scriptsecurity.sandbox.groovy.SandboxInterceptor.onMethodCall(SandboxInterceptor.java:155)
	at org.kohsuke.groovy.sandbox.impl.Checker$1.call(Checker.java:155)
	at org.kohsuke.groovy.sandbox.impl.Checker.checkedCall(Checker.java:159)
	at org.kohsuke.groovy.sandbox.impl.Checker.checkedCall(Checker.java:129)
	at com.cloudbees.groovy.cps.sandbox.SandboxInvoker.methodCall(SandboxInvoker.java:17)
	at com.cloudbees.groovy.cps.impl.ContinuationGroup.methodCall(ContinuationGroup.java:57)
	at com.cloudbees.groovy.cps.impl.FunctionCallBlock$ContinuationImpl.dispatchOrArg(FunctionCallBlock.java:109)
	at com.cloudbees.groovy.cps.impl.FunctionCallBlock$ContinuationImpl.fixArg(FunctionCallBlock.java:82)
	at sun.reflect.GeneratedMethodAccessor146.invoke(Unknown Source)
	at sun.reflect.DelegatingMethodAccessorImpl.invoke(DelegatingMethodAccessorImpl.java:43)
	at java.lang.reflect.Method.invoke(Method.java:498)
	at com.cloudbees.groovy.cps.impl.ContinuationPtr$ContinuationImpl.receive(ContinuationPtr.java:72)
	at com.cloudbees.groovy.cps.impl.PropertyishBlock$ContinuationImpl.get(PropertyishBlock.java:76)
	at com.cloudbees.groovy.cps.LValueBlock$GetAdapter.receive(LValueBlock.java:30)
	at com.cloudbees.groovy.cps.impl.PropertyishBlock$ContinuationImpl.fixName(PropertyishBlock.java:66)
	at sun.reflect.GeneratedMethodAccessor150.invoke(Unknown Source)
	at sun.reflect.DelegatingMethodAccessorImpl.invoke(DelegatingMethodAccessorImpl.java:43)
	at java.lang.reflect.Method.invoke(Method.java:498)
	at com.cloudbees.groovy.cps.impl.ContinuationPtr$ContinuationImpl.receive(ContinuationPtr.java:72)
	at com.cloudbees.groovy.cps.impl.ConstantBlock.eval(ConstantBlock.java:21)
	at com.cloudbees.groovy.cps.Next.step(Next.java:83)
	at com.cloudbees.groovy.cps.Continuable$1.call(Continuable.java:174)
	at com.cloudbees.groovy.cps.Continuable$1.call(Continuable.java:163)
	at org.codehaus.groovy.runtime.GroovyCategorySupport$ThreadCategoryInfo.use(GroovyCategorySupport.java:129)
	at org.codehaus.groovy.runtime.GroovyCategorySupport.use(GroovyCategorySupport.java:268)
	at com.cloudbees.groovy.cps.Continuable.run0(Continuable.java:163)
	at org.jenkinsci.plugins.workflow.cps.SandboxContinuable.access$101(SandboxContinuable.java:34)
	at org.jenkinsci.plugins.workflow.cps.SandboxContinuable.lambda$run0$0(SandboxContinuable.java:59)
	at org.jenkinsci.plugins.scriptsecurity.sandbox.groovy.GroovySandbox.runInSandbox(GroovySandbox.java:108)
	at org.jenkinsci.plugins.workflow.cps.SandboxContinuable.run0(SandboxContinuable.java:58)
	at org.jenkinsci.plugins.workflow.cps.CpsThread.runNextChunk(CpsThread.java:182)
	at org.jenkinsci.plugins.workflow.cps.CpsThreadGroup.run(CpsThreadGroup.java:332)
	at org.jenkinsci.plugins.workflow.cps.CpsThreadGroup.access$200(CpsThreadGroup.java:83)
	at org.jenkinsci.plugins.workflow.cps.CpsThreadGroup$2.call(CpsThreadGroup.java:244)
	at org.jenkinsci.plugins.workflow.cps.CpsThreadGroup$2.call(CpsThreadGroup.java:232)
	at org.jenkinsci.plugins.workflow.cps.CpsVmExecutorService$2.call(CpsVmExecutorService.java:64)
	at java.util.concurrent.FutureTask.run(FutureTask.java:266)
	at hudson.remoting.SingleLaneExecutorService$1.run(SingleLaneExecutorService.java:131)
	at jenkins.util.ContextResettingExecutorService$1.run(ContextResettingExecutorService.java:28)
	at jenkins.security.ImpersonatingExecutorService$1.run(ImpersonatingExecutorService.java:59)
	at java.util.concurrent.Executors$RunnableAdapter.call(Executors.java:511)
	at java.util.concurrent.FutureTask.run(FutureTask.java:266)
	at java.util.concurrent.ThreadPoolExecutor.runWorker(ThreadPoolExecutor.java:1149)
	at java.util.concurrent.ThreadPoolExecutor$Worker.run(ThreadPoolExecutor.java:624)
	at java.lang.Thread.run(Thread.java:748)
[Pipeline] withEnv
[Pipeline] {
[Pipeline] checkout
[Pipeline] sh
+ ./scripts/ci/feature.sh
+ set -e
+ npm install -g yarn
/usr/bin/yarn -> /usr/lib/node_modules/yarn/bin/yarn.js
/usr/bin/yarnpkg -> /usr/lib/node_modules/yarn/bin/yarn.js
+ yarn@1.13.0
added 1 package in 0.528s
+ npm -v
5.6.0
+ node -v
v9.11.2
+ yarn -v
1.3.2
+ yarn install --ignore-engines
yarn install v1.3.2
[1/4] Resolving packages...
[2/4] Fetching packages...
info fsevents@1.2.4: The platform "linux" is incompatible with this module.
info "fsevents@1.2.4" is an optional dependency and failed compatibility check. Excluding it from installation.
[3/4] Linking dependencies...
warning "workspace-aggregator-352e5b8f-187e-4218-a3fe-461f52d41cc8 > @cloudbees/core-data@1.0.0" has unmet peer dependency "mobx@^5.5.2".
warning "workspace-aggregator-352e5b8f-187e-4218-a3fe-461f52d41cc8 > @cloudbees/core-data@1.0.0" has unmet peer dependency "mobx-react@^5.3.6".
warning "workspace-aggregator-352e5b8f-187e-4218-a3fe-461f52d41cc8 > @cloudbees/core-data@1.0.0" has unmet peer dependency "mobx-state-tree@^3.7.1".
warning "workspace-aggregator-352e5b8f-187e-4218-a3fe-461f52d41cc8 > @cloudbees/core-data@1.0.0" has unmet peer dependency "react@^16.6.0".
warning "workspace-aggregator-352e5b8f-187e-4218-a3fe-461f52d41cc8 > @cloudbees/core-shipyard@1.0.0" has unmet peer dependency "react@^16.6.0".
warning "workspace-aggregator-352e5b8f-187e-4218-a3fe-461f52d41cc8 > @cloudbees/core-shipyard@1.0.0" has unmet peer dependency "react-dom@^16.6.0".
warning "workspace-aggregator-352e5b8f-187e-4218-a3fe-461f52d41cc8 > @cloudbees/core-api > ts-jest@23.10.5" has unmet peer dependency "jest@>=22 <24".
warning "workspace-aggregator-352e5b8f-187e-4218-a3fe-461f52d41cc8 > @cloudbees/core-shipyard > formik@1.4.1" has unmet peer dependency "react@>=15".
warning "workspace-aggregator-352e5b8f-187e-4218-a3fe-461f52d41cc8 > @cloudbees/core-shipyard > react-gravatar@2.6.3" has unmet peer dependency "react@*".
warning "workspace-aggregator-352e5b8f-187e-4218-a3fe-461f52d41cc8 > @cloudbees/core-shipyard > react-modal@3.8.1" has unmet peer dependency "react@^0.14.0 || ^15.0.0 || ^16".
warning "workspace-aggregator-352e5b8f-187e-4218-a3fe-461f52d41cc8 > @cloudbees/core-shipyard > react-outside-click-handler@1.2.2" has unmet peer dependency "react@^0.14 || >=15".
warning "workspace-aggregator-352e5b8f-187e-4218-a3fe-461f52d41cc8 > @cloudbees/core-shipyard > react-select@2.2.0" has unmet peer dependency "react@^15.3.0 || ^16.0.0".
warning "workspace-aggregator-352e5b8f-187e-4218-a3fe-461f52d41cc8 > @cloudbees/core-shipyard > react-transition-group@2.5.2" has unmet peer dependency "react@>=15.0.0".
warning "workspace-aggregator-352e5b8f-187e-4218-a3fe-461f52d41cc8 > @cloudbees/core-shipyard > react-virtualized@9.21.0" has unmet peer dependency "react@^15.3.0 || ^16.0.0-alpha".
warning "workspace-aggregator-352e5b8f-187e-4218-a3fe-461f52d41cc8 > @cloudbees/core-shipyard > @storybook/addon-actions@4.1.4" has unmet peer dependency "react@*".
warning "workspace-aggregator-352e5b8f-187e-4218-a3fe-461f52d41cc8 > @cloudbees/core-shipyard > @storybook/addon-info@3.4.11" has unmet peer dependency "react@*".
warning "workspace-aggregator-352e5b8f-187e-4218-a3fe-461f52d41cc8 > @cloudbees/core-shipyard > @storybook/addon-jest@3.4.11" has unmet peer dependency "@storybook/addons@^3.3.0".
warning "workspace-aggregator-352e5b8f-187e-4218-a3fe-461f52d41cc8 > @cloudbees/core-shipyard > @storybook/addon-jest@3.4.11" has unmet peer dependency "react@*".
warning "workspace-aggregator-352e5b8f-187e-4218-a3fe-461f52d41cc8 > @cloudbees/core-shipyard > @storybook/addon-options@3.4.11" has unmet peer dependency "@storybook/addons@^3.3.0".
warning "workspace-aggregator-352e5b8f-187e-4218-a3fe-461f52d41cc8 > @cloudbees/core-shipyard > @storybook/addon-options@3.4.11" has unmet peer dependency "react@*".
warning "workspace-aggregator-352e5b8f-187e-4218-a3fe-461f52d41cc8 > @cloudbees/core-shipyard > @storybook/react@4.1.4" has unmet peer dependency "react@^16.6.0".
warning "workspace-aggregator-352e5b8f-187e-4218-a3fe-461f52d41cc8 > @cloudbees/core-shipyard > env-var-helpers@4.1.0" has unmet peer dependency "lodash@^4.x".
warning "workspace-aggregator-352e5b8f-187e-4218-a3fe-461f52d41cc8 > @cloudbees/core-shipyard > enzyme-adapter-react-16@1.7.1" has unmet peer dependency "react@^16.0.0-0".
warning "workspace-aggregator-352e5b8f-187e-4218-a3fe-461f52d41cc8 > @cloudbees/core-shipyard > react-dom@16.7.0" has unmet peer dependency "react@^16.0.0".
warning "workspace-aggregator-352e5b8f-187e-4218-a3fe-461f52d41cc8 > @cloudbees/core-shipyard > react-test-renderer@16.7.0" has unmet peer dependency "react@^16.0.0".
warning "workspace-aggregator-352e5b8f-187e-4218-a3fe-461f52d41cc8 > @cloudbees/core-ui > @expantra/pipeline-widget-proto@0.0.2-JW" has unmet peer dependency "react@^16.4.1".
warning "workspace-aggregator-352e5b8f-187e-4218-a3fe-461f52d41cc8 > @cloudbees/core-ui > @expantra/pipeline-widget-proto@0.0.2-JW" has unmet peer dependency "react-dom@^16.4.1".
warning "workspace-aggregator-352e5b8f-187e-4218-a3fe-461f52d41cc8 > @cloudbees/core-ui > mst-middlewares@3.6.0" has unmet peer dependency "mobx-state-tree@^3.4.0".
warning "workspace-aggregator-352e5b8f-187e-4218-a3fe-461f52d41cc8 > @cloudbees/core-ui > react-copy-to-clipboard@5.0.1" has unmet peer dependency "react@^15.3.0 || ^16.0.0".
warning "workspace-aggregator-352e5b8f-187e-4218-a3fe-461f52d41cc8 > @cloudbees/core-ui > react-hotkeys@1.1.4" has unmet peer dependency "react@>= 0.14.0".
warning "workspace-aggregator-352e5b8f-187e-4218-a3fe-461f52d41cc8 > @cloudbees/core-ui > react-hotkeys@1.1.4" has unmet peer dependency "react-dom@>= 0.14.0".
warning "workspace-aggregator-352e5b8f-187e-4218-a3fe-461f52d41cc8 > @cloudbees/core-ui > react-lazylog@3.2.0" has unmet peer dependency "react@>=16.3.0".
warning "workspace-aggregator-352e5b8f-187e-4218-a3fe-461f52d41cc8 > @cloudbees/core-ui > react-router@4.2.0" has unmet peer dependency "react@>=15".
warning "workspace-aggregator-352e5b8f-187e-4218-a3fe-461f52d41cc8 > @cloudbees/core-ui > react-router-dom@4.2.2" has unmet peer dependency "react@>=15".
warning "workspace-aggregator-352e5b8f-187e-4218-a3fe-461f52d41cc8 > @cloudbees/core-shipyard > formik > create-react-context@0.2.3" has unmet peer dependency "react@^0.14.0 || ^15.0.0 || ^16.0.0".
warning "workspace-aggregator-352e5b8f-187e-4218-a3fe-461f52d41cc8 > @cloudbees/core-shipyard > react-outside-click-handler > airbnb-prop-types@2.11.0" has unmet peer dependency "react@^0.14 || ^15.0.0 || ^16.0.0-alpha".
warning "workspace-aggregator-352e5b8f-187e-4218-a3fe-461f52d41cc8 > @cloudbees/core-shipyard > react-select > react-input-autosize@2.2.1" has unmet peer dependency "react@^0.14.9 || ^15.3.0 || ^16.0.0-rc || ^16.0".
warning "workspace-aggregator-352e5b8f-187e-4218-a3fe-461f52d41cc8 > @cloudbees/core-shipyard > @storybook/addon-actions > @emotion/core@0.13.1" has unmet peer dependency "react@>=16.3.0".
warning "workspace-aggregator-352e5b8f-187e-4218-a3fe-461f52d41cc8 > @cloudbees/core-shipyard > @storybook/addon-actions > @emotion/provider@0.11.2" has unmet peer dependency "react@>=16.3.0".
warning "workspace-aggregator-352e5b8f-187e-4218-a3fe-461f52d41cc8 > @cloudbees/core-shipyard > @storybook/addon-actions > @storybook/components@4.1.4" has unmet peer dependency "react@*".
warning "workspace-aggregator-352e5b8f-187e-4218-a3fe-461f52d41cc8 > @cloudbees/core-shipyard > @storybook/addon-actions > react-inspector@2.3.1" has unmet peer dependency "react@^0.14.0 || ^15.0.0 || ^16.0.0".
warning "workspace-aggregator-352e5b8f-187e-4218-a3fe-461f52d41cc8 > @cloudbees/core-shipyard > @storybook/addon-info > @storybook/components@3.4.11" has unmet peer dependency "react@*".
warning "workspace-aggregator-352e5b8f-187e-4218-a3fe-461f52d41cc8 > @cloudbees/core-shipyard > @storybook/addon-storyshots > jest-specific-snapshot@1.0.0" has unmet peer dependency "jest@*".
warning "workspace-aggregator-352e5b8f-187e-4218-a3fe-461f52d41cc8 > @cloudbees/core-shipyard > @storybook/react > @storybook/core@4.1.4" has unmet peer dependency "react@>=16.3.0".
warning "workspace-aggregator-352e5b8f-187e-4218-a3fe-461f52d41cc8 > @cloudbees/core-shipyard > env-var-helpers > mad-logs@10.3.6" has unmet peer dependency "lodash@^4.x".
warning "workspace-aggregator-352e5b8f-187e-4218-a3fe-461f52d41cc8 > @cloudbees/core-shipyard > enzyme-adapter-react-16 > enzyme-adapter-utils@1.9.0" has unmet peer dependency "react@0.13.x || 0.14.x || ^15.0.0-0 || ^16.0.0-0".
warning "workspace-aggregator-352e5b8f-187e-4218-a3fe-461f52d41cc8 > @cloudbees/core-ui > react-document-title > react-side-effect@1.1.5" has unmet peer dependency "react@^0.13.0 || ^0.14.0 || ^15.0.0 || ^16.0.0".
warning "workspace-aggregator-352e5b8f-187e-4218-a3fe-461f52d41cc8 > @cloudbees/core-ui > react-router-dom > react-router@4.3.1" has unmet peer dependency "react@>=15".
warning "workspace-aggregator-352e5b8f-187e-4218-a3fe-461f52d41cc8 > @cloudbees/core-shipyard > @storybook/addon-actions > @emotion/styled > @emotion/styled-base@0.10.6" has unmet peer dependency "react@>=16.3.0".
warning "workspace-aggregator-352e5b8f-187e-4218-a3fe-461f52d41cc8 > @cloudbees/core-shipyard > @storybook/addon-actions > @storybook/components > react-textarea-autosize@7.1.0" has unmet peer dependency "react@>=0.14.0 <17.0.0".
warning "workspace-aggregator-352e5b8f-187e-4218-a3fe-461f52d41cc8 > @cloudbees/core-shipyard > @storybook/addon-actions > @storybook/components > render-fragment@0.1.1" has unmet peer dependency "react@^15.0.0 || ^16.0.0".
warning "workspace-aggregator-352e5b8f-187e-4218-a3fe-461f52d41cc8 > @cloudbees/core-shipyard > @storybook/addon-actions > @storybook/components > render-fragment@0.1.1" has unmet peer dependency "prop-types@^15.0.0 || ^16.0.0".
warning "workspace-aggregator-352e5b8f-187e-4218-a3fe-461f52d41cc8 > @cloudbees/core-shipyard > @storybook/react > @storybook/core > @storybook/ui@4.1.4" has unmet peer dependency "react@*".
warning "workspace-aggregator-352e5b8f-187e-4218-a3fe-461f52d41cc8 > @cloudbees/core-shipyard > env-var-helpers > mad-logs > env-var-helpers@5.2.0" has unmet peer dependency "lodash@^4.x".
warning "workspace-aggregator-352e5b8f-187e-4218-a3fe-461f52d41cc8 > @cloudbees/core-shipyard > @storybook/react > @storybook/core > @storybook/ui > @storybook/react-komposer@2.0.5" has unmet peer dependency "react@^0.14.7 || ^15.0.0 || ^16.0.0".
warning "workspace-aggregator-352e5b8f-187e-4218-a3fe-461f52d41cc8 > @cloudbees/core-shipyard > @storybook/react > @storybook/core > @storybook/ui > react-fuzzy@0.5.2" has unmet peer dependency "react@^0.14.7 || ^15.0.0 || ^16.0.0".
warning "workspace-aggregator-352e5b8f-187e-4218-a3fe-461f52d41cc8 > @cloudbees/core-shipyard > @storybook/react > @storybook/core > @storybook/ui > react-treebeard@3.1.0" has unmet peer dependency "@emotion/styled@^0.10.6".
warning "workspace-aggregator-352e5b8f-187e-4218-a3fe-461f52d41cc8 > @cloudbees/core-shipyard > @storybook/react > @storybook/core > @storybook/ui > react-treebeard@3.1.0" has unmet peer dependency "react@^15.5.4 || ^16.0.0".
warning "workspace-aggregator-352e5b8f-187e-4218-a3fe-461f52d41cc8 > @cloudbees/core-shipyard > @storybook/react > @storybook/core > @storybook/ui > @storybook/mantra-core > @storybook/react-simple-di@1.3.0" has unmet peer dependency "react@^0.14.0 || ^15.0.0 || ^16.0.0".
warning "workspace-aggregator-352e5b8f-187e-4218-a3fe-461f52d41cc8 > @cloudbees/core-shipyard > @storybook/react > @storybook/core > @storybook/ui > @storybook/react-komposer > @storybook/react-stubber@1.0.1" has unmet peer dependency "react@^0.14.7 || ^15.0.0 || ^16.0.0".
warning "workspace-aggregator-352e5b8f-187e-4218-a3fe-461f52d41cc8 > @cloudbees/core-shipyard > @storybook/react > @storybook/core > @storybook/ui > react-treebeard > velocity-react@1.4.1" has unmet peer dependency "react@^15.3.0 || ^16.0.0".
[4/4] Building fresh packages...
Done in 99.30s.
+ yarn build-packages
yarn run v1.3.2
$ lerna run build --ignore '@cloudbees/*-ui'
lerna notice cli v3.8.4
lerna info versioning independent
lerna info ci enabled
lerna info filter [ '!@cloudbees/*-ui' ]
lerna info Executing command in 4 packages: "yarn run build"
lerna info run Ran npm script 'build' in '@cloudbees/core-flags' in 6.6s:
$ rimraf ./dist && tsc -p ./tsconfig.build.json
lerna info run Ran npm script 'build' in '@cloudbees/core-api' in 6.9s:
$ rimraf ./dist && tsc -p ./tsconfig.build.json
lerna info run Ran npm script 'build' in '@cloudbees/core-shipyard' in 12.4s:
$ rimraf ./dist && tsc -p ./tsconfig.build.json && yarn run build-css && yarn run copy-assets
$ node-sass --importer ../../node_modules/node-sass-package-importer/dist/cli.js src/styles/shipyard.scss dist/index.css
Rendering Complete, saving .css file...
Wrote CSS to /tmp/jenkinsTests.tmp/jenkins2020075401075834995test/workspace/job/packages/core-shipyard/dist/index.css
$ cd src/ && cpx "./**/*.{scss, css}" ../dist
lerna info run Ran npm script 'build' in '@cloudbees/core-data' in 4.3s:
$ rimraf ./dist && tsc -p ./tsconfig.build.json
lerna success run Ran npm script 'build' in 4 packages in 16.8s:
lerna success - @cloudbees/core-api
lerna success - @cloudbees/core-data
lerna success - @cloudbees/core-flags
lerna success - @cloudbees/core-shipyard
Done in 17.41s.
+ yarn test
yarn run v1.3.2
$ cross-env NODE_ENV='ci' lerna run test --stream
lerna notice cli v3.8.4
lerna info versioning independent
lerna info ci enabled
lerna info Executing command in 5 packages: "yarn run test"
@cloudbees/core-api: warning package.json: No license field
@cloudbees/core-api: $ jest
@cloudbees/core-flags: warning package.json: No license field
@cloudbees/core-shipyard: warning package.json: No license field
@cloudbees/core-flags: $ jest || true
@cloudbees/core-shipyard: $ jest
@cloudbees/core-flags: No tests found
@cloudbees/core-flags: In /tmp/jenkinsTests.tmp/jenkins2020075401075834995test/workspace/job/packages/core-flags
@cloudbees/core-flags:   7 files checked.
@cloudbees/core-flags:   testMatch: **/__tests__/**/*.js?(x),**/?(*.)+(spec|test).js?(x) - 0 matches
@cloudbees/core-flags:   testPathIgnorePatterns: /node_modules/ - 7 matches
@cloudbees/core-flags: Pattern:  - 0 matches
@cloudbees/core-api: PASS src/auth.spec.ts (10.69s)
@cloudbees/core-api:   auth
@cloudbees/core-api:     âœ“ should be able to call signOut (19ms)
@cloudbees/core-api: Test Suites: 1 passed, 1 total
@cloudbees/core-api: Tests:       1 passed, 1 total
@cloudbees/core-api: Snapshots:   0 total
@cloudbees/core-api: Time:        10.759s
@cloudbees/core-api: Ran all test suites.
@cloudbees/core-shipyard: PASS src/components/icon/Icon.spec.tsx
@cloudbees/core-shipyard: PASS src/components/modal/Modal.spec.tsx
@cloudbees/core-shipyard: PASS src/components/menu/Menu.spec.tsx
@cloudbees/core-shipyard: PASS src/components/button/Button.spec.tsx
@cloudbees/core-shipyard: PASS src/components/card/Card.spec.tsx
@cloudbees/core-shipyard: PASS tests/shots.js (11.423s)
@cloudbees/core-shipyard:   â— Console
@cloudbees/core-shipyard:     console.warn src/utils/stories/withComponentTests.ts:8
@cloudbees/core-shipyard:       No tests results available
@cloudbees/core-shipyard: Test Suites: 6 passed, 6 total
@cloudbees/core-shipyard: Tests:       80 passed, 80 total
@cloudbees/core-shipyard: Snapshots:   67 passed, 67 total
@cloudbees/core-shipyard: Time:        27.115s
@cloudbees/core-shipyard: Ran all test suites.
@cloudbees/core-data: warning package.json: No license field
@cloudbees/core-data: $ jest
@cloudbees/core-data: PASS src/utils/ifEmptyThen.spec.ts
@cloudbees/core-data: PASS src/utils/connect.spec.tsx
@cloudbees/core-data: Test Suites: 2 passed, 2 total
@cloudbees/core-data: Tests:       8 passed, 8 total
@cloudbees/core-data: Snapshots:   0 total
@cloudbees/core-data: Time:        8.32s
@cloudbees/core-data: Ran all test suites.
@cloudbees/core-ui: $ jest
@cloudbees/core-ui: PASS tests/shots.js (45.528s)
@cloudbees/core-ui:   Storyshots
@cloudbees/core-ui:     Members
@cloudbees/core-ui:       âœ“ MemberList ğŸ“· (70ms)
@cloudbees/core-ui:     Teams
@cloudbees/core-ui:       âœ“ TeamList ğŸ“· (18ms)
@cloudbees/core-ui: Test Suites: 1 passed, 1 total
@cloudbees/core-ui: Tests:       2 passed, 2 total
@cloudbees/core-ui: Snapshots:   2 passed, 2 total
@cloudbees/core-ui: Time:        51.017s
@cloudbees/core-ui: Ran all test suites.
lerna success run Ran npm script 'test' in 5 packages in 90.3s:
lerna success - @cloudbees/core-api
lerna success - @cloudbees/core-data
lerna success - @cloudbees/core-flags
lerna success - @cloudbees/core-shipyard
lerna success - @cloudbees/core-ui
Done in 91.00s.
+ yarn build
yarn run v1.3.2
$ lerna run build --scope '@cloudbees/*-ui'
lerna notice cli v3.8.4
lerna info versioning independent
lerna info ci enabled
lerna info filter [ '@cloudbees/*-ui' ]
lerna info Executing command in 1 package: "yarn run build"
lerna info run Ran npm script 'build' in '@cloudbees/core-ui' in 57.5s:
$ rimraf ../../build && cross-env NODE_ENV='production' webpack --config=./webpack/web.js --progress -p
Starting type checking service...
Using 1 worker with 2048MB memory limit
Hash: 144093aa4de1f2c3c90e
Version: webpack 4.28.3
Time: 55249ms
Built at: 2019-01-11 06:46:26
                             Asset       Size  Chunks                    Chunk Names
                       favicon.ico    7.7 KiB          [emitted]         
    index.144093aa4de1f2c3c90e.css    188 KiB       0  [emitted]         index
index.144093aa4de1f2c3c90e.css.map  107 bytes       0  [emitted]         index
     index.144093aa4de1f2c3c90e.js   1.45 MiB       0  [emitted]  [big]  index
 index.144093aa4de1f2c3c90e.js.map   5.22 MiB       0  [emitted]         index
                        index.html  662 bytes          [emitted]         
Entrypoint index [big] = index.144093aa4de1f2c3c90e.js index.144093aa4de1f2c3c90e.css index.144093aa4de1f2c3c90e.js.map index.144093aa4de1f2c3c90e.css.map
 [20] (webpack)/buildin/global.js 472 bytes {0} [built]
 [42] (webpack)/buildin/module.js 497 bytes {0} [built]
 [50] /tmp/jenkinsTests.tmp/jenkins2020075401075834995test/workspace/job/node_modules/react-virtualized/dist/es/index.js + 65 modules 319 KiB {0} [built]
      |    66 modules
[122] (webpack)/buildin/harmony-module.js 573 bytes {0} [built]
[360] multi ./src/index.tsx 28 bytes {0} [built]
[607] /tmp/jenkinsTests.tmp/jenkins2020075401075834995test/workspace/job/node_modules/moment/locale sync ^\.\/.*$ 2.93 KiB {0} [optional] [built]
[619] ./src/index.tsx + 372 modules 1.19 MiB {0} [built]
      | ./src/index.tsx 243 bytes [built]
      | ../core-flags/src/context.tsx 891 bytes [built]
      | ./src/flags.ts 203 bytes [built]
      | ./src/pages/index.tsx 2.24 KiB [built]
      | ./src/store.ts 909 bytes [built]
      | ../core-shipyard/src/styles/index.ts 251 KiB [built]
      | ../core-flags/src/storage.ts 344 bytes [built]
      | ../core-shipyard/src/icons/CloudbeesCoreLogo.tsx 2.96 KiB [built]
      | ../core-api/src/fetch.ts 270 bytes [built]
      | ./src/pages/projects.tsx 5.56 KiB [built]
      | ./src/pages/teams.tsx 1.41 KiB [built]
      | ../core-data/src/models/Teams.ts 7.62 KiB [built]
      | ../core-data/src/models/Users.ts 3.44 KiB [built]
      | ../core-data/src/utils/connect.tsx 6.99 KiB [built]
      | ../core-shipyard/src/icons/Activity.tsx 2.06 KiB [built]
      |     + 358 hidden modules
[627] ../core-shipyard/src/styles/shipyard.scss 41 bytes [built]
[628] /tmp/jenkinsTests.tmp/jenkins2020075401075834995test/workspace/job/node_modules/css-loader??ref--5-2!/tmp/jenkinsTests.tmp/jenkins2020075401075834995test/workspace/job/node_modules/sass-loader/lib/loader.js!../core-shipyard/src/styles/shipyard.scss 190 KiB [built]
    + 620 hidden modules

WARNING in asset size limit: The following asset(s) exceed the recommended size limit (244 KiB).
This can impact web performance.
Assets: 
  index.144093aa4de1f2c3c90e.js (1.45 MiB)

WARNING in entrypoint size limit: The following entrypoint(s) combined asset size exceeds the recommended limit (244 KiB). This can impact web performance.
Entrypoints:
  index (1.63 MiB)
      index.144093aa4de1f2c3c90e.js
      index.144093aa4de1f2c3c90e.css


WARNING in webpack performance recommendations: 
You can limit the size of your bundles by using import() or require.ensure to lazy load some parts of your application.
For more info visit https://webpack.js.org/guides/code-splitting/
Child extract-text-webpack-plugin ../../node_modules/extract-text-webpack-plugin/dist ../../node_modules/css-loader/index.js??ref--5-2!../../node_modules/sass-loader/lib/loader.js!../../node_modules/@expantra/pipeline-widget-proto/styles/css/main.css:
    Entrypoint undefined = extract-text-webpack-plugin-output-filename
       2 modules
Child extract-text-webpack-plugin ../../node_modules/extract-text-webpack-plugin/dist ../../node_modules/css-loader/index.js??ref--5-2!../../node_modules/sass-loader/lib/loader.js!../../node_modules/react-virtualized/styles.css:
    Entrypoint undefined = extract-text-webpack-plugin-output-filename
       2 modules
Child extract-text-webpack-plugin ../../node_modules/extract-text-webpack-plugin/dist ../../node_modules/css-loader/index.js??ref--5-2!../../node_modules/sass-loader/lib/loader.js!../core-shipyard/src/styles/shipyard.scss:
    Entrypoint undefined = extract-text-webpack-plugin-output-filename
    [0] /tmp/jenkinsTests.tmp/jenkins2020075401075834995test/workspace/job/node_modules/css-loader??ref--5-2!/tmp/jenkinsTests.tmp/jenkins2020075401075834995test/workspace/job/node_modules/sass-loader/lib/loader.js!../core-shipyard/src/styles/shipyard.scss 190 KiB {0} [built]
        + 1 hidden module
Child html-webpack-plugin for "index.html":
     1 asset
    Entrypoint undefined = index.html
    [0] /tmp/jenkinsTests.tmp/jenkins2020075401075834995test/workspace/job/node_modules/html-webpack-plugin/lib/loader.js!./src/index.html 811 bytes {0} [built]
    [2] (webpack)/buildin/global.js 472 bytes {0} [built]
    [3] (webpack)/buildin/module.js 497 bytes {0} [built]
        + 1 hidden module
lerna success run Ran npm script 'build' in 1 package in 57.5s:
lerna success - @cloudbees/core-ui
Done in 58.15s.
+ yarn build-storybooks
yarn run v1.3.2
$ lerna run storybook-build
lerna notice cli v3.8.4
lerna info versioning independent
lerna info ci enabled
lerna info Executing command in 2 packages: "yarn run storybook-build"
lerna info run Ran npm script 'storybook-build' in '@cloudbees/core-shipyard' in 29.9s:
$ rimraf ../../build/shipyard && build-storybook -c .storybook -o ../../build/shipyard
lerna info run Ran npm script 'storybook-build' in '@cloudbees/core-ui' in 34.0s:
$ rimraf ../../build/stories && build-storybook -c .storybook -o ../../build/stories
lerna success run Ran npm script 'storybook-build' in 2 packages in 63.9s:
lerna success - @cloudbees/core-shipyard
lerna success - @cloudbees/core-ui
Done in 64.48s.
+ docker build -t docker.io/jenkinsxio/core-frontend:0.0.0-SNAPSHOT-PR-543-4 .
Sending build context to Docker daemon  434.4MB
Step 1/2 : FROM jenkinsxio/core-backend:0.0.149
0.0.149: Pulling from jenkinsxio/core-backend
cd784148e348: Already exists
ac49ba410456: Pulling fs layer
eef3a4ee5056: Pulling fs layer
67f64fa9d7bf: Pulling fs layer
8067a7d32f91: Pulling fs layer
1ff21ab56c29: Pulling fs layer
00f4ffa343c0: Pulling fs layer
8067a7d32f91: Waiting
1ff21ab56c29: Waiting
00f4ffa343c0: Waiting
eef3a4ee5056: Verifying Checksum
eef3a4ee5056: Download complete
ac49ba410456: Verifying Checksum
ac49ba410456: Download complete
67f64fa9d7bf: Verifying Checksum
67f64fa9d7bf: Download complete
8067a7d32f91: Verifying Checksum
8067a7d32f91: Download complete
ac49ba410456: Pull complete
1ff21ab56c29: Verifying Checksum
1ff21ab56c29: Download complete
00f4ffa343c0: Verifying Checksum
00f4ffa343c0: Download complete
eef3a4ee5056: Pull complete
67f64fa9d7bf: Pull complete
8067a7d32f91: Pull complete
1ff21ab56c29: Pull complete
00f4ffa343c0: Pull complete
Digest: sha256:7d4ce2a6ffb1b3bed4d8360ac29d7c85628397759d9d37bbc9204bc5a01d27c1
Status: Downloaded newer image for jenkinsxio/core-backend:0.0.149
 ---> 3b925128a793
Step 2/2 : COPY ./build /
 ---> 54f421358762
Removing intermediate container 3bb1b8011634
Successfully built 54f421358762
+ docker push docker.io/jenkinsxio/core-frontend:0.0.0-SNAPSHOT-PR-543-4
The push refers to a repository [docker.io/jenkinsxio/core-frontend]
81ca979322d0: Preparing
ab2f50909709: Preparing
43f4134d4815: Preparing
a4faf86bc893: Preparing
de20e77121f2: Preparing
9ce8325b7b8e: Preparing
37e3a3a8a786: Preparing
7bff100f35cb: Preparing
9ce8325b7b8e: Waiting
37e3a3a8a786: Waiting
7bff100f35cb: Waiting
a4faf86bc893: Mounted from jenkinsxio/core-backend
ab2f50909709: Mounted from jenkinsxio/core-backend
43f4134d4815: Mounted from jenkinsxio/core-backend
de20e77121f2: Mounted from jenkinsxio/core-backend
7bff100f35cb: Layer already exists
9ce8325b7b8e: Mounted from jenkinsxio/core-backend
37e3a3a8a786: Mounted from jenkinsxio/core-backend
81ca979322d0: Pushed
0.0.0-SNAPSHOT-PR-543-4: digest: sha256:00525941d3a97d43c9c10e2fdbb719795a3ef775929213014cdeacfddf026f71 size: 2007
[Pipeline] sh
+ ./scripts/ci/e2e.sh
+ set -e
+ apt-get install --fix-missing -y xvfb
Reading package lists...
Building dependency tree...
Reading state information...
xvfb is already the newest version (2:1.19.2-1+deb9u5).
0 upgraded, 0 newly installed, 0 to remove and 9 not upgraded.
+ apt-get install --fix-missing -y libgconf-2-4
Reading package lists...
Building dependency tree...
Reading state information...
The following additional packages will be installed:
  gconf-service gconf2-common
The following NEW packages will be installed:
  gconf-service gconf2-common libgconf-2-4
0 upgraded, 3 newly installed, 0 to remove and 9 not upgraded.
Need to get 1881 kB of archives.
After this operation, 7679 kB of additional disk space will be used.
Get:1 http://deb.debian.org/debian stretch/main amd64 gconf2-common all 3.2.6-4 [1040 kB]
Get:2 http://deb.debian.org/debian stretch/main amd64 libgconf-2-4 amd64 3.2.6-4+b1 [427 kB]
Get:3 http://deb.debian.org/debian stretch/main amd64 gconf-service amd64 3.2.6-4+b1 [415 kB]
debconf: delaying package configuration, since apt-utils is not installed
Fetched 1881 kB in 0s (16.7 MB/s)
Selecting previously unselected package gconf2-common.
(Reading database ... (Reading database ... 5%(Reading database ... 10%(Reading database ... 15%(Reading database ... 20%(Reading database ... 25%(Reading database ... 30%(Reading database ... 35%(Reading database ... 40%(Reading database ... 45%(Reading database ... 50%(Reading database ... 55%(Reading database ... 60%(Reading database ... 65%(Reading database ... 70%(Reading database ... 75%(Reading database ... 80%(Reading database ... 85%(Reading database ... 90%(Reading database ... 95%(Reading database ... 100%(Reading database ... 36156 files and directories currently installed.)
Preparing to unpack .../gconf2-common_3.2.6-4_all.deb ...
Unpacking gconf2-common (3.2.6-4) ...
Selecting previously unselected package libgconf-2-4:amd64.
Preparing to unpack .../libgconf-2-4_3.2.6-4+b1_amd64.deb ...
Unpacking libgconf-2-4:amd64 (3.2.6-4+b1) ...
Selecting previously unselected package gconf-service.
Preparing to unpack .../gconf-service_3.2.6-4+b1_amd64.deb ...
Unpacking gconf-service (3.2.6-4+b1) ...
Setting up gconf2-common (3.2.6-4) ...
debconf: unable to initialize frontend: Dialog
debconf: (TERM is not set, so the dialog frontend is not usable.)
debconf: falling back to frontend: Readline

Creating config file /etc/gconf/2/path with new version
Setting up libgconf-2-4:amd64 (3.2.6-4+b1) ...
Setting up gconf-service (3.2.6-4+b1) ...
Processing triggers for libc-bin (2.24-11+deb9u3) ...
+ previewURL=http://0.0.0.0:9000
+ echo 'Running e2e tests against http://0.0.0.0:9000'
Running e2e tests against http://0.0.0.0:9000
+ yarn build-server
yarn run v1.3.2
$ forever start -c pushstate-server ./build 9000 index.html
[33mwarn[39m:    --minUptime not set. Defaulting to: 1000ms
[33mwarn[39m:    --spinSleepTime not set. Your script will exit if it does not stay up for at least 1000ms
[32minfo[39m:    Forever processing file: [90m./build[39m
Done in 0.42s.
+ CYPRESS_CORE_UI=http://0.0.0.0:9000
+ yarn cypress
yarn run v1.3.2
$ lerna run cypress-run --stream --scope @cloudbees/core-ui
lerna notice cli v3.8.4
lerna info versioning independent
lerna info ci enabled
lerna info filter [ '@cloudbees/core-ui' ]
lerna info Executing command in 1 package: "yarn run cypress-run"
@cloudbees/core-ui: $ cypress run
@cloudbees/core-ui: It looks like this is your first time using Cypress: 3.1.4
@cloudbees/core-ui: [?25l[06:48:15]  Verifying Cypress can run /builder/home/.cache/Cypress/3.1.4/Cypress [started]
@cloudbees/core-ui: [06:48:18]  Verifying Cypress can run /builder/home/.cache/Cypress/3.1.4/Cypress [completed]
@cloudbees/core-ui: [?25h
@cloudbees/core-ui: Opening Cypress...
@cloudbees/core-ui: ================================================================================
@cloudbees/core-ui:   (Run Starting)
@cloudbees/core-ui:   â”Œâ”€â”€â”€â”€â”€â”€â”€â”€â”€â”€â”€â”€â”€â”€â”€â”€â”€â”€â”€â”€â”€â”€â”€â”€â”€â”€â”€â”€â”€â”€â”€â”€â”€â”€â”€â”€â”€â”€â”€â”€â”€â”€â”€â”€â”€â”€â”€â”€â”€â”€â”€â”€â”€â”€â”€â”€â”€â”€â”€â”€â”€â”€â”€â”€â”€â”€â”€â”€â”€â”€â”€â”€â”€â”€â”€â”€â”
@cloudbees/core-ui:   â”‚ Cypress:  3.1.4                                                            â”‚
@cloudbees/core-ui:   â”‚ Browser:  Electron 59 (headless)                                           â”‚
@cloudbees/core-ui:   â”‚ Specs:    10 found (environment/EnvironmentAppActivity.spec.ts, environmeâ€¦ â”‚
@cloudbees/core-ui:   â””â”€â”€â”€â”€â”€â”€â”€â”€â”€â”€â”€â”€â”€â”€â”€â”€â”€â”€â”€â”€â”€â”€â”€â”€â”€â”€â”€â”€â”€â”€â”€â”€â”€â”€â”€â”€â”€â”€â”€â”€â”€â”€â”€â”€â”€â”€â”€â”€â”€â”€â”€â”€â”€â”€â”€â”€â”€â”€â”€â”€â”€â”€â”€â”€â”€â”€â”€â”€â”€â”€â”€â”€â”€â”€â”€â”€â”˜
@cloudbees/core-ui: â”€â”€â”€â”€â”€â”€â”€â”€â”€â”€â”€â”€â”€â”€â”€â”€â”€â”€â”€â”€â”€â”€â”€â”€â”€â”€â”€â”€â”€â”€â”€â”€â”€â”€â”€â”€â”€â”€â”€â”€â”€â”€â”€â”€â”€â”€â”€â”€â”€â”€â”€â”€â”€â”€â”€â”€â”€â”€â”€â”€â”€â”€â”€â”€â”€â”€â”€â”€â”€â”€â”€â”€â”€â”€â”€â”€â”€â”€â”€â”€
@cloudbees/core-ui:                                                                                 
@cloudbees/core-ui:   Running: environment/EnvironmentAppActivity.spec.ts...              (1 of 10) 
@cloudbees/core-ui:   App Activity
@cloudbees/core-ui:     âœ“ can see app activity (1676ms)
@cloudbees/core-ui:   1 passing (3s)
@cloudbees/core-ui:   (Results)
@cloudbees/core-ui:   â”Œâ”€â”€â”€â”€â”€â”€â”€â”€â”€â”€â”€â”€â”€â”€â”€â”€â”€â”€â”€â”€â”€â”€â”€â”€â”€â”€â”€â”€â”€â”€â”€â”€â”€â”€â”€â”€â”€â”€â”€â”€â”€â”€â”€â”€â”€â”€â”€â”€â”€â”€â”€â”€â”€â”€â”€â”€â”€â”€â”
@cloudbees/core-ui:   â”‚ Tests:        1                                          â”‚
@cloudbees/core-ui:   â”‚ Passing:      1                                          â”‚
@cloudbees/core-ui:   â”‚ Failing:      0                                          â”‚
@cloudbees/core-ui:   â”‚ Pending:      0                                          â”‚
@cloudbees/core-ui:   â”‚ Skipped:      0                                          â”‚
@cloudbees/core-ui:   â”‚ Screenshots:  0                                          â”‚
@cloudbees/core-ui:   â”‚ Video:        false                                      â”‚
@cloudbees/core-ui:   â”‚ Duration:     3 seconds                                  â”‚
@cloudbees/core-ui:   â”‚ Spec Ran:     environment/EnvironmentAppActivity.spec.ts â”‚
@cloudbees/core-ui:   â””â”€â”€â”€â”€â”€â”€â”€â”€â”€â”€â”€â”€â”€â”€â”€â”€â”€â”€â”€â”€â”€â”€â”€â”€â”€â”€â”€â”€â”€â”€â”€â”€â”€â”€â”€â”€â”€â”€â”€â”€â”€â”€â”€â”€â”€â”€â”€â”€â”€â”€â”€â”€â”€â”€â”€â”€â”€â”€â”˜
@cloudbees/core-ui: â”€â”€â”€â”€â”€â”€â”€â”€â”€â”€â”€â”€â”€â”€â”€â”€â”€â”€â”€â”€â”€â”€â”€â”€â”€â”€â”€â”€â”€â”€â”€â”€â”€â”€â”€â”€â”€â”€â”€â”€â”€â”€â”€â”€â”€â”€â”€â”€â”€â”€â”€â”€â”€â”€â”€â”€â”€â”€â”€â”€â”€â”€â”€â”€â”€â”€â”€â”€â”€â”€â”€â”€â”€â”€â”€â”€â”€â”€â”€â”€
@cloudbees/core-ui:                                                                                 
@cloudbees/core-ui:   Running: environment/EnvironmentDevAppWithOpenPR.spec.ts...         (2 of 10) 
@cloudbees/core-ui:   App in Dev Env With Open PR
@cloudbees/core-ui:     âœ“ check markup for an app in dev env (1628ms)
@cloudbees/core-ui:   1 passing (3s)
@cloudbees/core-ui:   (Results)
@cloudbees/core-ui:   â”Œâ”€â”€â”€â”€â”€â”€â”€â”€â”€â”€â”€â”€â”€â”€â”€â”€â”€â”€â”€â”€â”€â”€â”€â”€â”€â”€â”€â”€â”€â”€â”€â”€â”€â”€â”€â”€â”€â”€â”€â”€â”€â”€â”€â”€â”€â”€â”€â”€â”€â”€â”€â”€â”€â”€â”€â”€â”€â”€â”€â”€â”€â”€â”€â”
@cloudbees/core-ui:   â”‚ Tests:        1                                               â”‚
@cloudbees/core-ui:   â”‚ Passing:      1                                               â”‚
@cloudbees/core-ui:   â”‚ Failing:      0                                               â”‚
@cloudbees/core-ui:   â”‚ Pending:      0                                               â”‚
@cloudbees/core-ui:   â”‚ Skipped:      0                                               â”‚
@cloudbees/core-ui:   â”‚ Screenshots:  0                                               â”‚
@cloudbees/core-ui:   â”‚ Video:        false                                           â”‚
@cloudbees/core-ui:   â”‚ Duration:     3 seconds                                       â”‚
@cloudbees/core-ui:   â”‚ Spec Ran:     environment/EnvironmentDevAppWithOpenPR.spec.ts â”‚
@cloudbees/core-ui:   â””â”€â”€â”€â”€â”€â”€â”€â”€â”€â”€â”€â”€â”€â”€â”€â”€â”€â”€â”€â”€â”€â”€â”€â”€â”€â”€â”€â”€â”€â”€â”€â”€â”€â”€â”€â”€â”€â”€â”€â”€â”€â”€â”€â”€â”€â”€â”€â”€â”€â”€â”€â”€â”€â”€â”€â”€â”€â”€â”€â”€â”€â”€â”€â”˜
@cloudbees/core-ui: â”€â”€â”€â”€â”€â”€â”€â”€â”€â”€â”€â”€â”€â”€â”€â”€â”€â”€â”€â”€â”€â”€â”€â”€â”€â”€â”€â”€â”€â”€â”€â”€â”€â”€â”€â”€â”€â”€â”€â”€â”€â”€â”€â”€â”€â”€â”€â”€â”€â”€â”€â”€â”€â”€â”€â”€â”€â”€â”€â”€â”€â”€â”€â”€â”€â”€â”€â”€â”€â”€â”€â”€â”€â”€â”€â”€â”€â”€â”€â”€
@cloudbees/core-ui:                                                                                 
@cloudbees/core-ui:   Running: environment/EnvironmentPromote.spec.ts...                  (3 of 10) 
@cloudbees/core-ui:   Promote App
@cloudbees/core-ui:     âœ“ can promote an Application (1693ms)
@cloudbees/core-ui:   1 passing (3s)
@cloudbees/core-ui:   (Results)
@cloudbees/core-ui:   â”Œâ”€â”€â”€â”€â”€â”€â”€â”€â”€â”€â”€â”€â”€â”€â”€â”€â”€â”€â”€â”€â”€â”€â”€â”€â”€â”€â”€â”€â”€â”€â”€â”€â”€â”€â”€â”€â”€â”€â”€â”€â”€â”€â”€â”€â”€â”€â”€â”€â”€â”€â”€â”€â”€â”€â”
@cloudbees/core-ui:   â”‚ Tests:        1                                      â”‚
@cloudbees/core-ui:   â”‚ Passing:      1                                      â”‚
@cloudbees/core-ui:   â”‚ Failing:      0                                      â”‚
@cloudbees/core-ui:   â”‚ Pending:      0                                      â”‚
@cloudbees/core-ui:   â”‚ Skipped:      0                                      â”‚
@cloudbees/core-ui:   â”‚ Screenshots:  0                                      â”‚
@cloudbees/core-ui:   â”‚ Video:        false                                  â”‚
@cloudbees/core-ui:   â”‚ Duration:     3 seconds                              â”‚
@cloudbees/core-ui:   â”‚ Spec Ran:     environment/EnvironmentPromote.spec.ts â”‚
@cloudbees/core-ui:   â””â”€â”€â”€â”€â”€â”€â”€â”€â”€â”€â”€â”€â”€â”€â”€â”€â”€â”€â”€â”€â”€â”€â”€â”€â”€â”€â”€â”€â”€â”€â”€â”€â”€â”€â”€â”€â”€â”€â”€â”€â”€â”€â”€â”€â”€â”€â”€â”€â”€â”€â”€â”€â”€â”€â”˜
@cloudbees/core-ui: â”€â”€â”€â”€â”€â”€â”€â”€â”€â”€â”€â”€â”€â”€â”€â”€â”€â”€â”€â”€â”€â”€â”€â”€â”€â”€â”€â”€â”€â”€â”€â”€â”€â”€â”€â”€â”€â”€â”€â”€â”€â”€â”€â”€â”€â”€â”€â”€â”€â”€â”€â”€â”€â”€â”€â”€â”€â”€â”€â”€â”€â”€â”€â”€â”€â”€â”€â”€â”€â”€â”€â”€â”€â”€â”€â”€â”€â”€â”€â”€
@cloudbees/core-ui:                                                                                 
@cloudbees/core-ui:   Running: environment/EnvironmentRollBack.spec.ts...                 (4 of 10) 
@cloudbees/core-ui:   Rollback App
@cloudbees/core-ui:     âœ“ can rollback app (1920ms)
@cloudbees/core-ui:   1 passing (3s)
@cloudbees/core-ui:   (Results)
@cloudbees/core-ui:   â”Œâ”€â”€â”€â”€â”€â”€â”€â”€â”€â”€â”€â”€â”€â”€â”€â”€â”€â”€â”€â”€â”€â”€â”€â”€â”€â”€â”€â”€â”€â”€â”€â”€â”€â”€â”€â”€â”€â”€â”€â”€â”€â”€â”€â”€â”€â”€â”€â”€â”€â”€â”€â”€â”€â”€â”€â”
@cloudbees/core-ui:   â”‚ Tests:        1                                       â”‚
@cloudbees/core-ui:   â”‚ Passing:      1                                       â”‚
@cloudbees/core-ui:   â”‚ Failing:      0                                       â”‚
@cloudbees/core-ui:   â”‚ Pending:      0                                       â”‚
@cloudbees/core-ui:   â”‚ Skipped:      0                                       â”‚
@cloudbees/core-ui:   â”‚ Screenshots:  0                                       â”‚
@cloudbees/core-ui:   â”‚ Video:        false                                   â”‚
@cloudbees/core-ui:   â”‚ Duration:     3 seconds                               â”‚
@cloudbees/core-ui:   â”‚ Spec Ran:     environment/EnvironmentRollBack.spec.ts â”‚
@cloudbees/core-ui:   â””â”€â”€â”€â”€â”€â”€â”€â”€â”€â”€â”€â”€â”€â”€â”€â”€â”€â”€â”€â”€â”€â”€â”€â”€â”€â”€â”€â”€â”€â”€â”€â”€â”€â”€â”€â”€â”€â”€â”€â”€â”€â”€â”€â”€â”€â”€â”€â”€â”€â”€â”€â”€â”€â”€â”€â”˜
@cloudbees/core-ui: â”€â”€â”€â”€â”€â”€â”€â”€â”€â”€â”€â”€â”€â”€â”€â”€â”€â”€â”€â”€â”€â”€â”€â”€â”€â”€â”€â”€â”€â”€â”€â”€â”€â”€â”€â”€â”€â”€â”€â”€â”€â”€â”€â”€â”€â”€â”€â”€â”€â”€â”€â”€â”€â”€â”€â”€â”€â”€â”€â”€â”€â”€â”€â”€â”€â”€â”€â”€â”€â”€â”€â”€â”€â”€â”€â”€â”€â”€â”€â”€
@cloudbees/core-ui:                                                                                 
@cloudbees/core-ui:   Running: environment/EnvironmentStagingApp.spec.ts...               (5 of 10) 
@cloudbees/core-ui:   App in Staging Env
@cloudbees/core-ui:     âœ“ check markup for an app in staging env (1686ms)
@cloudbees/core-ui:   1 passing (3s)
@cloudbees/core-ui:   (Results)
@cloudbees/core-ui:   â”Œâ”€â”€â”€â”€â”€â”€â”€â”€â”€â”€â”€â”€â”€â”€â”€â”€â”€â”€â”€â”€â”€â”€â”€â”€â”€â”€â”€â”€â”€â”€â”€â”€â”€â”€â”€â”€â”€â”€â”€â”€â”€â”€â”€â”€â”€â”€â”€â”€â”€â”€â”€â”€â”€â”€â”€â”€â”€â”
@cloudbees/core-ui:   â”‚ Tests:        1                                         â”‚
@cloudbees/core-ui:   â”‚ Passing:      1                                         â”‚
@cloudbees/core-ui:   â”‚ Failing:      0                                         â”‚
@cloudbees/core-ui:   â”‚ Pending:      0                                         â”‚
@cloudbees/core-ui:   â”‚ Skipped:      0                                         â”‚
@cloudbees/core-ui:   â”‚ Screenshots:  0                                         â”‚
@cloudbees/core-ui:   â”‚ Video:        false                                     â”‚
@cloudbees/core-ui:   â”‚ Duration:     3 seconds                                 â”‚
@cloudbees/core-ui:   â”‚ Spec Ran:     environment/EnvironmentStagingApp.spec.ts â”‚
@cloudbees/core-ui:   â””â”€â”€â”€â”€â”€â”€â”€â”€â”€â”€â”€â”€â”€â”€â”€â”€â”€â”€â”€â”€â”€â”€â”€â”€â”€â”€â”€â”€â”€â”€â”€â”€â”€â”€â”€â”€â”€â”€â”€â”€â”€â”€â”€â”€â”€â”€â”€â”€â”€â”€â”€â”€â”€â”€â”€â”€â”€â”˜
@cloudbees/core-ui: â”€â”€â”€â”€â”€â”€â”€â”€â”€â”€â”€â”€â”€â”€â”€â”€â”€â”€â”€â”€â”€â”€â”€â”€â”€â”€â”€â”€â”€â”€â”€â”€â”€â”€â”€â”€â”€â”€â”€â”€â”€â”€â”€â”€â”€â”€â”€â”€â”€â”€â”€â”€â”€â”€â”€â”€â”€â”€â”€â”€â”€â”€â”€â”€â”€â”€â”€â”€â”€â”€â”€â”€â”€â”€â”€â”€â”€â”€â”€â”€
@cloudbees/core-ui:                                                                                 
@cloudbees/core-ui:   Running: layout/LayoutNavigation.spec.ts...                         (6 of 10) 
@cloudbees/core-ui:   Layout Navigation
@cloudbees/core-ui:     âœ“ initialy only display Teams (1309ms)
@cloudbees/core-ui:     âœ“ can navigate to Projects (172ms)
@cloudbees/core-ui:     âœ“ can navigate to Environments (132ms)
@cloudbees/core-ui:   3 passing (3s)
@cloudbees/core-ui:   (Results)
@cloudbees/core-ui:   â”Œâ”€â”€â”€â”€â”€â”€â”€â”€â”€â”€â”€â”€â”€â”€â”€â”€â”€â”€â”€â”€â”€â”€â”€â”€â”€â”€â”€â”€â”€â”€â”€â”€â”€â”€â”€â”€â”€â”€â”€â”€â”€â”€â”€â”€â”€â”€â”€â”
@cloudbees/core-ui:   â”‚ Tests:        3                               â”‚
@cloudbees/core-ui:   â”‚ Passing:      3                               â”‚
@cloudbees/core-ui:   â”‚ Failing:      0                               â”‚
@cloudbees/core-ui:   â”‚ Pending:      0                               â”‚
@cloudbees/core-ui:   â”‚ Skipped:      0                               â”‚
@cloudbees/core-ui:   â”‚ Screenshots:  0                               â”‚
@cloudbees/core-ui:   â”‚ Video:        false                           â”‚
@cloudbees/core-ui:   â”‚ Duration:     3 seconds                       â”‚
@cloudbees/core-ui:   â”‚ Spec Ran:     layout/LayoutNavigation.spec.ts â”‚
@cloudbees/core-ui:   â””â”€â”€â”€â”€â”€â”€â”€â”€â”€â”€â”€â”€â”€â”€â”€â”€â”€â”€â”€â”€â”€â”€â”€â”€â”€â”€â”€â”€â”€â”€â”€â”€â”€â”€â”€â”€â”€â”€â”€â”€â”€â”€â”€â”€â”€â”€â”€â”˜
@cloudbees/core-ui: â”€â”€â”€â”€â”€â”€â”€â”€â”€â”€â”€â”€â”€â”€â”€â”€â”€â”€â”€â”€â”€â”€â”€â”€â”€â”€â”€â”€â”€â”€â”€â”€â”€â”€â”€â”€â”€â”€â”€â”€â”€â”€â”€â”€â”€â”€â”€â”€â”€â”€â”€â”€â”€â”€â”€â”€â”€â”€â”€â”€â”€â”€â”€â”€â”€â”€â”€â”€â”€â”€â”€â”€â”€â”€â”€â”€â”€â”€â”€â”€
@cloudbees/core-ui:                                                                                 
@cloudbees/core-ui:   Running: layout/LayoutNavigationToggle.spec.ts...                   (7 of 10) 
@cloudbees/core-ui:   Layout Navigation Toggle
@cloudbees/core-ui:     âœ“ can expand / collapse Navigation (1087ms)
@cloudbees/core-ui:   1 passing (3s)
@cloudbees/core-ui:   (Results)
@cloudbees/core-ui:   â”Œâ”€â”€â”€â”€â”€â”€â”€â”€â”€â”€â”€â”€â”€â”€â”€â”€â”€â”€â”€â”€â”€â”€â”€â”€â”€â”€â”€â”€â”€â”€â”€â”€â”€â”€â”€â”€â”€â”€â”€â”€â”€â”€â”€â”€â”€â”€â”€â”€â”€â”€â”€â”€â”€â”
@cloudbees/core-ui:   â”‚ Tests:        1                                     â”‚
@cloudbees/core-ui:   â”‚ Passing:      1                                     â”‚
@cloudbees/core-ui:   â”‚ Failing:      0                                     â”‚
@cloudbees/core-ui:   â”‚ Pending:      0                                     â”‚
@cloudbees/core-ui:   â”‚ Skipped:      0                                     â”‚
@cloudbees/core-ui:   â”‚ Screenshots:  0                                     â”‚
@cloudbees/core-ui:   â”‚ Video:        false                                 â”‚
@cloudbees/core-ui:   â”‚ Duration:     2 seconds                             â”‚
@cloudbees/core-ui:   â”‚ Spec Ran:     layout/LayoutNavigationToggle.spec.ts â”‚
@cloudbees/core-ui:   â””â”€â”€â”€â”€â”€â”€â”€â”€â”€â”€â”€â”€â”€â”€â”€â”€â”€â”€â”€â”€â”€â”€â”€â”€â”€â”€â”€â”€â”€â”€â”€â”€â”€â”€â”€â”€â”€â”€â”€â”€â”€â”€â”€â”€â”€â”€â”€â”€â”€â”€â”€â”€â”€â”˜
@cloudbees/core-ui: â”€â”€â”€â”€â”€â”€â”€â”€â”€â”€â”€â”€â”€â”€â”€â”€â”€â”€â”€â”€â”€â”€â”€â”€â”€â”€â”€â”€â”€â”€â”€â”€â”€â”€â”€â”€â”€â”€â”€â”€â”€â”€â”€â”€â”€â”€â”€â”€â”€â”€â”€â”€â”€â”€â”€â”€â”€â”€â”€â”€â”€â”€â”€â”€â”€â”€â”€â”€â”€â”€â”€â”€â”€â”€â”€â”€â”€â”€â”€â”€
@cloudbees/core-ui:                                                                                 
@cloudbees/core-ui:   Running: layout/LayoutUserInfo.spec.ts...                           (8 of 10) 
@cloudbees/core-ui:   Layout User Info
@cloudbees/core-ui:     âœ“ can display User information (1063ms)
@cloudbees/core-ui:   1 passing (3s)
@cloudbees/core-ui:   (Results)
@cloudbees/core-ui:   â”Œâ”€â”€â”€â”€â”€â”€â”€â”€â”€â”€â”€â”€â”€â”€â”€â”€â”€â”€â”€â”€â”€â”€â”€â”€â”€â”€â”€â”€â”€â”€â”€â”€â”€â”€â”€â”€â”€â”€â”€â”€â”€â”€â”€â”€â”€â”
@cloudbees/core-ui:   â”‚ Tests:        1                             â”‚
@cloudbees/core-ui:   â”‚ Passing:      1                             â”‚
@cloudbees/core-ui:   â”‚ Failing:      0                             â”‚
@cloudbees/core-ui:   â”‚ Pending:      0                             â”‚
@cloudbees/core-ui:   â”‚ Skipped:      0                             â”‚
@cloudbees/core-ui:   â”‚ Screenshots:  0                             â”‚
@cloudbees/core-ui:   â”‚ Video:        false                         â”‚
@cloudbees/core-ui:   â”‚ Duration:     2 seconds                     â”‚
@cloudbees/core-ui:   â”‚ Spec Ran:     layout/LayoutUserInfo.spec.ts â”‚
@cloudbees/core-ui:   â””â”€â”€â”€â”€â”€â”€â”€â”€â”€â”€â”€â”€â”€â”€â”€â”€â”€â”€â”€â”€â”€â”€â”€â”€â”€â”€â”€â”€â”€â”€â”€â”€â”€â”€â”€â”€â”€â”€â”€â”€â”€â”€â”€â”€â”€â”˜
@cloudbees/core-ui: â”€â”€â”€â”€â”€â”€â”€â”€â”€â”€â”€â”€â”€â”€â”€â”€â”€â”€â”€â”€â”€â”€â”€â”€â”€â”€â”€â”€â”€â”€â”€â”€â”€â”€â”€â”€â”€â”€â”€â”€â”€â”€â”€â”€â”€â”€â”€â”€â”€â”€â”€â”€â”€â”€â”€â”€â”€â”€â”€â”€â”€â”€â”€â”€â”€â”€â”€â”€â”€â”€â”€â”€â”€â”€â”€â”€â”€â”€â”€â”€
@cloudbees/core-ui:                                                                                 
@cloudbees/core-ui:   Running: team/TeamConnect.spec.ts...                                (9 of 10) 
@cloudbees/core-ui:   Team Connect
@cloudbees/core-ui:     âœ“ can display Connect information  (1558ms)
@cloudbees/core-ui:   1 passing (3s)
@cloudbees/core-ui:   (Results)
@cloudbees/core-ui:   â”Œâ”€â”€â”€â”€â”€â”€â”€â”€â”€â”€â”€â”€â”€â”€â”€â”€â”€â”€â”€â”€â”€â”€â”€â”€â”€â”€â”€â”€â”€â”€â”€â”€â”€â”€â”€â”€â”€â”€â”€â”€â”
@cloudbees/core-ui:   â”‚ Tests:        1                        â”‚
@cloudbees/core-ui:   â”‚ Passing:      1                        â”‚
@cloudbees/core-ui:   â”‚ Failing:      0                        â”‚
@cloudbees/core-ui:   â”‚ Pending:      0                        â”‚
@cloudbees/core-ui:   â”‚ Skipped:      0                        â”‚
@cloudbees/core-ui:   â”‚ Screenshots:  0                        â”‚
@cloudbees/core-ui:   â”‚ Video:        false                    â”‚
@cloudbees/core-ui:   â”‚ Duration:     3 seconds                â”‚
@cloudbees/core-ui:   â”‚ Spec Ran:     team/TeamConnect.spec.ts â”‚
@cloudbees/core-ui:   â””â”€â”€â”€â”€â”€â”€â”€â”€â”€â”€â”€â”€â”€â”€â”€â”€â”€â”€â”€â”€â”€â”€â”€â”€â”€â”€â”€â”€â”€â”€â”€â”€â”€â”€â”€â”€â”€â”€â”€â”€â”˜
@cloudbees/core-ui: â”€â”€â”€â”€â”€â”€â”€â”€â”€â”€â”€â”€â”€â”€â”€â”€â”€â”€â”€â”€â”€â”€â”€â”€â”€â”€â”€â”€â”€â”€â”€â”€â”€â”€â”€â”€â”€â”€â”€â”€â”€â”€â”€â”€â”€â”€â”€â”€â”€â”€â”€â”€â”€â”€â”€â”€â”€â”€â”€â”€â”€â”€â”€â”€â”€â”€â”€â”€â”€â”€â”€â”€â”€â”€â”€â”€â”€â”€â”€â”€
@cloudbees/core-ui:                                                                                 
@cloudbees/core-ui:   Running: team/TeamList.spec.ts...                                  (10 of 10) 
@cloudbees/core-ui: (node:1754) MaxListenersExceededWarning: Possible EventEmitter memory leak detected. 11 preprocessor:close listeners added. Use emitter.setMaxListeners() to increase limit
@cloudbees/core-ui:   Team List
@cloudbees/core-ui:     âœ“ can select a Team (1509ms)
@cloudbees/core-ui:   1 passing (3s)
@cloudbees/core-ui:   (Results)
@cloudbees/core-ui:   â”Œâ”€â”€â”€â”€â”€â”€â”€â”€â”€â”€â”€â”€â”€â”€â”€â”€â”€â”€â”€â”€â”€â”€â”€â”€â”€â”€â”€â”€â”€â”€â”€â”€â”€â”€â”€â”€â”€â”
@cloudbees/core-ui:   â”‚ Tests:        1                     â”‚
@cloudbees/core-ui:   â”‚ Passing:      1                     â”‚
@cloudbees/core-ui:   â”‚ Failing:      0                     â”‚
@cloudbees/core-ui:   â”‚ Pending:      0                     â”‚
@cloudbees/core-ui:   â”‚ Skipped:      0                     â”‚
@cloudbees/core-ui:   â”‚ Screenshots:  0                     â”‚
@cloudbees/core-ui:   â”‚ Video:        false                 â”‚
@cloudbees/core-ui:   â”‚ Duration:     3 seconds             â”‚
@cloudbees/core-ui:   â”‚ Spec Ran:     team/TeamList.spec.ts â”‚
@cloudbees/core-ui:   â””â”€â”€â”€â”€â”€â”€â”€â”€â”€â”€â”€â”€â”€â”€â”€â”€â”€â”€â”€â”€â”€â”€â”€â”€â”€â”€â”€â”€â”€â”€â”€â”€â”€â”€â”€â”€â”€â”˜
@cloudbees/core-ui: ================================================================================
@cloudbees/core-ui:   (Run Finished)
@cloudbees/core-ui:       Spec                                    Tests  Passâ€¦  Failâ€¦  Pendâ€¦  Skipâ€¦ 
@cloudbees/core-ui:   â”Œâ”€â”€â”€â”€â”€â”€â”€â”€â”€â”€â”€â”€â”€â”€â”€â”€â”€â”€â”€â”€â”€â”€â”€â”€â”€â”€â”€â”€â”€â”€â”€â”€â”€â”€â”€â”€â”€â”€â”€â”€â”€â”€â”€â”€â”€â”€â”€â”€â”€â”€â”€â”€â”€â”€â”€â”€â”€â”€â”€â”€â”€â”€â”€â”€â”€â”€â”€â”€â”€â”€â”€â”€â”€â”€â”€â”€â”
@cloudbees/core-ui:   â”‚ âœ” environment/EnvironmentAppAcâ€¦   00:03      1      1      -      -      - â”‚
@cloudbees/core-ui:   â”œâ”€â”€â”€â”€â”€â”€â”€â”€â”€â”€â”€â”€â”€â”€â”€â”€â”€â”€â”€â”€â”€â”€â”€â”€â”€â”€â”€â”€â”€â”€â”€â”€â”€â”€â”€â”€â”€â”€â”€â”€â”€â”€â”€â”€â”€â”€â”€â”€â”€â”€â”€â”€â”€â”€â”€â”€â”€â”€â”€â”€â”€â”€â”€â”€â”€â”€â”€â”€â”€â”€â”€â”€â”€â”€â”€â”€â”¤
@cloudbees/core-ui:   â”‚ âœ” environment/EnvironmentDevApâ€¦   00:03      1      1      -      -      - â”‚
@cloudbees/core-ui:   â”œâ”€â”€â”€â”€â”€â”€â”€â”€â”€â”€â”€â”€â”€â”€â”€â”€â”€â”€â”€â”€â”€â”€â”€â”€â”€â”€â”€â”€â”€â”€â”€â”€â”€â”€â”€â”€â”€â”€â”€â”€â”€â”€â”€â”€â”€â”€â”€â”€â”€â”€â”€â”€â”€â”€â”€â”€â”€â”€â”€â”€â”€â”€â”€â”€â”€â”€â”€â”€â”€â”€â”€â”€â”€â”€â”€â”€â”¤
@cloudbees/core-ui:   â”‚ âœ” environment/EnvironmentPromoâ€¦   00:03      1      1      -      -      - â”‚
@cloudbees/core-ui:   â”œâ”€â”€â”€â”€â”€â”€â”€â”€â”€â”€â”€â”€â”€â”€â”€â”€â”€â”€â”€â”€â”€â”€â”€â”€â”€â”€â”€â”€â”€â”€â”€â”€â”€â”€â”€â”€â”€â”€â”€â”€â”€â”€â”€â”€â”€â”€â”€â”€â”€â”€â”€â”€â”€â”€â”€â”€â”€â”€â”€â”€â”€â”€â”€â”€â”€â”€â”€â”€â”€â”€â”€â”€â”€â”€â”€â”€â”¤
@cloudbees/core-ui:   â”‚ âœ” environment/EnvironmentRollBâ€¦   00:03      1      1      -      -      - â”‚
@cloudbees/core-ui:   â”œâ”€â”€â”€â”€â”€â”€â”€â”€â”€â”€â”€â”€â”€â”€â”€â”€â”€â”€â”€â”€â”€â”€â”€â”€â”€â”€â”€â”€â”€â”€â”€â”€â”€â”€â”€â”€â”€â”€â”€â”€â”€â”€â”€â”€â”€â”€â”€â”€â”€â”€â”€â”€â”€â”€â”€â”€â”€â”€â”€â”€â”€â”€â”€â”€â”€â”€â”€â”€â”€â”€â”€â”€â”€â”€â”€â”€â”¤
@cloudbees/core-ui:   â”‚ âœ” environment/EnvironmentStagiâ€¦   00:03      1      1      -      -      - â”‚
@cloudbees/core-ui:   â”œâ”€â”€â”€â”€â”€â”€â”€â”€â”€â”€â”€â”€â”€â”€â”€â”€â”€â”€â”€â”€â”€â”€â”€â”€â”€â”€â”€â”€â”€â”€â”€â”€â”€â”€â”€â”€â”€â”€â”€â”€â”€â”€â”€â”€â”€â”€â”€â”€â”€â”€â”€â”€â”€â”€â”€â”€â”€â”€â”€â”€â”€â”€â”€â”€â”€â”€â”€â”€â”€â”€â”€â”€â”€â”€â”€â”€â”¤
@cloudbees/core-ui:   â”‚ âœ” layout/LayoutNavigation.specâ€¦   00:03      3      3      -      -      - â”‚
@cloudbees/core-ui:   â”œâ”€â”€â”€â”€â”€â”€â”€â”€â”€â”€â”€â”€â”€â”€â”€â”€â”€â”€â”€â”€â”€â”€â”€â”€â”€â”€â”€â”€â”€â”€â”€â”€â”€â”€â”€â”€â”€â”€â”€â”€â”€â”€â”€â”€â”€â”€â”€â”€â”€â”€â”€â”€â”€â”€â”€â”€â”€â”€â”€â”€â”€â”€â”€â”€â”€â”€â”€â”€â”€â”€â”€â”€â”€â”€â”€â”€â”¤
@cloudbees/core-ui:   â”‚ âœ” layout/LayoutNavigationTogglâ€¦   00:02      1      1      -      -      - â”‚
@cloudbees/core-ui:   â”œâ”€â”€â”€â”€â”€â”€â”€â”€â”€â”€â”€â”€â”€â”€â”€â”€â”€â”€â”€â”€â”€â”€â”€â”€â”€â”€â”€â”€â”€â”€â”€â”€â”€â”€â”€â”€â”€â”€â”€â”€â”€â”€â”€â”€â”€â”€â”€â”€â”€â”€â”€â”€â”€â”€â”€â”€â”€â”€â”€â”€â”€â”€â”€â”€â”€â”€â”€â”€â”€â”€â”€â”€â”€â”€â”€â”€â”¤
@cloudbees/core-ui:   â”‚ âœ” layout/LayoutUserInfo.spec.ts   00:02      1      1      -      -      - â”‚
@cloudbees/core-ui:   â”œâ”€â”€â”€â”€â”€â”€â”€â”€â”€â”€â”€â”€â”€â”€â”€â”€â”€â”€â”€â”€â”€â”€â”€â”€â”€â”€â”€â”€â”€â”€â”€â”€â”€â”€â”€â”€â”€â”€â”€â”€â”€â”€â”€â”€â”€â”€â”€â”€â”€â”€â”€â”€â”€â”€â”€â”€â”€â”€â”€â”€â”€â”€â”€â”€â”€â”€â”€â”€â”€â”€â”€â”€â”€â”€â”€â”€â”¤
@cloudbees/core-ui:   â”‚ âœ” team/TeamConnect.spec.ts        00:03      1      1      -      -      - â”‚
@cloudbees/core-ui:   â”œâ”€â”€â”€â”€â”€â”€â”€â”€â”€â”€â”€â”€â”€â”€â”€â”€â”€â”€â”€â”€â”€â”€â”€â”€â”€â”€â”€â”€â”€â”€â”€â”€â”€â”€â”€â”€â”€â”€â”€â”€â”€â”€â”€â”€â”€â”€â”€â”€â”€â”€â”€â”€â”€â”€â”€â”€â”€â”€â”€â”€â”€â”€â”€â”€â”€â”€â”€â”€â”€â”€â”€â”€â”€â”€â”€â”€â”¤
@cloudbees/core-ui:   â”‚ âœ” team/TeamList.spec.ts           00:03      1      1      -      -      - â”‚
@cloudbees/core-ui:   â””â”€â”€â”€â”€â”€â”€â”€â”€â”€â”€â”€â”€â”€â”€â”€â”€â”€â”€â”€â”€â”€â”€â”€â”€â”€â”€â”€â”€â”€â”€â”€â”€â”€â”€â”€â”€â”€â”€â”€â”€â”€â”€â”€â”€â”€â”€â”€â”€â”€â”€â”€â”€â”€â”€â”€â”€â”€â”€â”€â”€â”€â”€â”€â”€â”€â”€â”€â”€â”€â”€â”€â”€â”€â”€â”€â”€â”˜
@cloudbees/core-ui:     All specs passed!                 00:31     12     12      -      -      -  
@cloudbees/core-ui: [?25h
lerna success run Ran npm script 'cypress-run' in 1 package in 71.7s:
lerna success - @cloudbees/core-ui
Done in 72.28s.
+ yarn build-server-stop
yarn run v1.3.2
$ forever stopall && kill-port 9000
[32minfo[39m:    Forever stopped processes:
[90mdata[39m:    [37m   [39m [37muid[39m  [90mcommand[39m          [90mscript[39m                [37mforever[39m [37mpid[39m  [37mid[39m [35mlogfile[39m                         [33muptime[39m       
[90mdata[39m:    [0] sJUH [90mpushstate-server[39m [90mbuild 9000 index.html[39m 1328    1350    [35m/builder/home/.forever/sJUH.log[39m [33m0:0:1:13.170[39m 
Process on port 9000 killed
Done in 0.57s.
[Pipeline] dir
Running in /tmp/jenkinsTests.tmp/jenkins2020075401075834995test/workspace/job/charts/preview
[Pipeline] {
[Pipeline] retry
[Pipeline] {
[Pipeline] sh
+ make preview
helm init --client-only
Creating /builder/home/.helm 
Creating /builder/home/.helm/repository 
Creating /builder/home/.helm/repository/cache 
Creating /builder/home/.helm/repository/local 
Creating /builder/home/.helm/plugins 
Creating /builder/home/.helm/starters 
Creating /builder/home/.helm/cache/archive 
Creating /builder/home/.helm/repository/repositories.yaml 
Adding stable repo with URL: https://kubernetes-charts.storage.googleapis.com 
Adding local repo with URL: http://127.0.0.1:8879/charts 
$HELM_HOME has been configured at /builder/home/.helm.
Not installing Tiller due to 'client-only' flag having been set
Happy Helming!
helm repo add chartmuseum http://chartmuseum.jenkins-x.io
"chartmuseum" has been added to your repositories
sed -i -e "s/version:.*/version: 0.0.0-SNAPSHOT-PR-543-4/" Chart.yaml
sed -i -e "s/version:.*/version: 0.0.0-SNAPSHOT-PR-543-4/" ../*/Chart.yaml
sed -i -e "s/repository: .*/repository: docker.io\/jenkinsxio\/core-frontend/" values.yaml
sed -i -e "s/tag: .*/tag: 0.0.0-SNAPSHOT-PR-543-4/" values.yaml
echo "  version: 0.0.0-SNAPSHOT-PR-543-4" >> requirements.yaml
helm dependency build
Hang tight while we grab the latest from your chart repositories...
...Unable to get an update from the "local" chart repository (http://127.0.0.1:8879/charts):
	Get http://127.0.0.1:8879/charts/index.yaml: dial tcp 127.0.0.1:8879: connect: connection refused
...Successfully got an update from the "chartmuseum" chart repository
...Successfully got an update from the "stable" chart repository
Update Complete. âˆHappy Helming!âˆ
Saving 3 charts
Downloading exposecontroller from repo http://chartmuseum.jenkins-x.io
Downloading exposecontroller from repo http://chartmuseum.jenkins-x.io
Deleting outdated charts
helm lint
==> Linting .
Lint OK

1 chart(s) linted, no failures
gcloud auth activate-service-account --key-file ****
Activated service account credentials for: [jx-212@jenkinsx-dev.iam.gserviceaccount.com]
gcloud container clusters get-credentials anthorse --zone europe-west1-b --project jenkinsx-dev
Fetching cluster endpoint and auth data.
kubeconfig entry generated for anthorse.
[Pipeline] }
[Pipeline] // retry
[Pipeline] sh
+ jx --version
+ echo jx version: 1.3.699
jx version: 1.3.699
[Pipeline] sh
+ jx ns jx -b
Using namespace 'jx' from context named 'gke_jenkinsx-dev_europe-west1-b_anthorse' on server 'https://35.190.196.114'.
[Pipeline] sh
+ helm init --upgrade --force-upgrade --wait
$HELM_HOME has been configured at /builder/home/.helm.

Tiller (the Helm server-side component) has been upgraded to the current version.
Happy Helming!
[Pipeline] sh
+ jx preview --dev-namespace jx --app core --dir ../..
Creating a preview
Commit author email is empty for: 4e707f840ac9f63fc15693a65da5510621c2a471
Looking for commits in: /tmp/jenkinsTests.tmp/jenkins2020075401075834995test/workspace/job/
Commit not found: 4e707f840ac9f63fc15693a65da5510621c2a471
Commit author email is empty for: e1c84d62ca839b4d0724c0285f478b990210f938
Looking for commits in: /tmp/jenkinsTests.tmp/jenkins2020075401075834995test/workspace/job/
PullRequest author email is empty
Found commit author match for: NicuPascu with email address: contact@nicupascu.ro
CreateOrUpdateUser: NicuPascu <contact@nicupascu.ro>
Existing user found: contact@nicupascu.ro
expose:
  Annotations:
    helm.sh/hook: post-install,post-upgrade
    helm.sh/hook-delete-policy: hook-succeeded
  config:
    domain: 104.155.31.11.nip.io
    exposer: Ingress
    http: "true"
preview:
  image:
    repository: 10.51.248.122:5000/jenkinsxio/core-frontend
    tag: 0.0.0-SNAPSHOT-PR-543-4
Applying generated chart . YAML via kubectl in dir: /tmp/helm-template-workdir-608981323/preview/output
role.rbac.authorization.k8s.io/cleanup configured
rolebinding.rbac.authorization.k8s.io/cleanup configured
serviceaccount/cleanup configured
deployment.extensions/preview-core configured
clusterrolebinding.rbac.authorization.k8s.io/preview-core configured
service/preview-core configured
serviceaccount/core configured
configmap/exposecontroller configured
role.rbac.authorization.k8s.io/expose configured
rolebinding.rbac.authorization.k8s.io/expose configured
serviceaccount/expose configured
Applying Helm hook post-upgrade YAML via kubectl in file: /tmp/helm-template-workdir-608981323/preview/helmHooks/preview/charts/expose/templates/job.yaml
job.batch/expose created
Waiting for helm post-upgrade hook Job expose to complete before removing it
Deleting helm hook sources from file: /tmp/helm-template-workdir-608981323/preview/helmHooks/preview/charts/expose/templates/job.yaml
job.batch "expose" deleted
Removing Kubernetes resources from older releases using selector: jenkins.io/chart-release=preview,jenkins.io/version!=0.0.0-SNAPSHOT-PR-543-4
Updating PipelineActivities cloudbees-core-frontend-pr-543-4 which has status 
Preview application is now available at: http://core.jx-cloudbees-core-frontend-pr-543.104.155.31.11.nip.io

[Pipeline] }
[Pipeline] // dir
Post stage
[Pipeline] archiveArtifacts
Archiving artifacts
Recording fingerprints
[Pipeline] }
[Pipeline] // withEnv
[Pipeline] }
[Pipeline] // stage
[Pipeline] stage
[Pipeline] { (Build and Deploy Release)
Stage "Build and Deploy Release" skipped due to when conditional
[Pipeline] }
[Pipeline] // stage
[Pipeline] }
[Pipeline] // withEnv
[Pipeline] }
[Pipeline] // withCredentials
[Pipeline] }
[Pipeline] // node
[Pipeline] End of Pipeline
Finished: SUCCESS
